Started GET "/" for ::1 at 2025-03-25 21:09:08 -0600
  [1m[35m (3.7ms)[0m  [1m[35mCREATE TABLE "schema_migrations" ("version" varchar NOT NULL PRIMARY KEY) /*application='Proyecto'*/[0m
  [1m[35m (0.2ms)[0m  [1m[35mCREATE TABLE "ar_internal_metadata" ("key" varchar NOT NULL PRIMARY KEY, "value" varchar, "created_at" datetime(6) NOT NULL, "updated_at" datetime(6) NOT NULL) /*application='Proyecto'*/[0m
  [1m[36mActiveRecord::SchemaMigration Load (0.1ms)[0m  [1m[34mSELECT "schema_migrations"."version" FROM "schema_migrations" ORDER BY "schema_migrations"."version" ASC /*application='Proyecto'*/[0m
Processing by Rails::WelcomeController#index as HTML
  Rendering C:/Ruby33-x64/lib/ruby/gems/3.3.0/gems/railties-8.0.2/lib/rails/templates/rails/welcome/index.html.erb
  Rendered C:/Ruby33-x64/lib/ruby/gems/3.3.0/gems/railties-8.0.2/lib/rails/templates/rails/welcome/index.html.erb (Duration: 1.1ms | GC: 0.0ms)
Completed 200 OK in 461ms (Views: 10.0ms | ActiveRecord: 0.0ms (0 queries, 0 cached) | GC: 0.0ms)


Started GET "/home/cargarUsuariosDetalles/1" for 127.0.0.1 at 2025-03-25 21:09:16 -0600
  
ActionController::RoutingError (No route matches [GET] "/home/cargarUsuariosDetalles/1"):
  
Started GET "/home" for 127.0.0.1 at 2025-03-25 21:09:23 -0600
  
ActionController::RoutingError (No route matches [GET] "/home"):
  
Started GET "/incio" for 127.0.0.1 at 2025-03-25 21:09:28 -0600
  
ActionController::RoutingError (No route matches [GET] "/incio"):
  
Started GET "/" for 127.0.0.1 at 2025-03-25 21:09:40 -0600
Processing by Rails::WelcomeController#index as HTML
  Rendering C:/Ruby33-x64/lib/ruby/gems/3.3.0/gems/railties-8.0.2/lib/rails/templates/rails/welcome/index.html.erb
  Rendered C:/Ruby33-x64/lib/ruby/gems/3.3.0/gems/railties-8.0.2/lib/rails/templates/rails/welcome/index.html.erb (Duration: 0.3ms | GC: 0.0ms)
Completed 200 OK in 215ms (Views: 0.6ms | ActiveRecord: 0.0ms (0 queries, 0 cached) | GC: 0.0ms)


Started GET "/index" for 127.0.0.1 at 2025-03-25 21:09:51 -0600
  
ActionController::RoutingError (No route matches [GET] "/index"):
  
Started GET "/index" for 127.0.0.1 at 2025-03-25 21:11:15 -0600
  
ActionController::RoutingError (No route matches [GET] "/index"):
  
Started GET "/" for 127.0.0.1 at 2025-03-25 21:11:26 -0600
Processing by Rails::WelcomeController#index as HTML
  Rendering C:/Ruby33-x64/lib/ruby/gems/3.3.0/gems/railties-8.0.2/lib/rails/templates/rails/welcome/index.html.erb
  Rendered C:/Ruby33-x64/lib/ruby/gems/3.3.0/gems/railties-8.0.2/lib/rails/templates/rails/welcome/index.html.erb (Duration: 0.6ms | GC: 0.0ms)
Completed 200 OK in 216ms (Views: 1.3ms | ActiveRecord: 0.0ms (0 queries, 0 cached) | GC: 0.0ms)


Started GET "/index" for 127.0.0.1 at 2025-03-25 21:11:30 -0600
  
ActionController::RoutingError (No route matches [GET] "/index"):
  
Started GET "/" for 127.0.0.1 at 2025-03-25 21:16:07 -0600
  [1m[36mActiveRecord::SchemaMigration Load (0.1ms)[0m  [1m[34mSELECT "schema_migrations"."version" FROM "schema_migrations" ORDER BY "schema_migrations"."version" ASC /*application='Proyecto'*/[0m
Processing by Rails::WelcomeController#index as HTML
  Rendering C:/Ruby33-x64/lib/ruby/gems/3.3.0/gems/railties-8.0.2/lib/rails/templates/rails/welcome/index.html.erb
  Rendered C:/Ruby33-x64/lib/ruby/gems/3.3.0/gems/railties-8.0.2/lib/rails/templates/rails/welcome/index.html.erb (Duration: 0.8ms | GC: 0.0ms)
Completed 200 OK in 426ms (Views: 4.7ms | ActiveRecord: 0.0ms (0 queries, 0 cached) | GC: 0.0ms)


Started GET "/index" for 127.0.0.1 at 2025-03-25 21:16:11 -0600
  
ActionController::RoutingError (No route matches [GET] "/index"):
  
Started GET "/favicon.ico" for 127.0.0.1 at 2025-03-25 21:16:11 -0600
  
ActionController::RoutingError (No route matches [GET] "/favicon.ico"):
  
Started GET "/index" for 127.0.0.1 at 2025-03-25 21:17:51 -0600
  
ActionController::RoutingError (No route matches [GET] "/index"):
  
Started GET "/favicon.ico" for 127.0.0.1 at 2025-03-25 21:17:51 -0600
  
ActionController::RoutingError (No route matches [GET] "/favicon.ico"):
  
Started GET "/index" for 127.0.0.1 at 2025-03-25 21:18:51 -0600
  
ActionController::RoutingError (No route matches [GET] "/index"):
  
Started GET "/favicon.ico" for 127.0.0.1 at 2025-03-25 21:18:52 -0600
  
ActionController::RoutingError (No route matches [GET] "/favicon.ico"):
  
Started GET "/index" for 127.0.0.1 at 2025-03-25 21:18:53 -0600
  
ActionController::RoutingError (No route matches [GET] "/index"):
  
Started GET "/index" for 127.0.0.1 at 2025-03-25 21:18:54 -0600
  
ActionController::RoutingError (No route matches [GET] "/index"):
  
Started GET "/index" for 127.0.0.1 at 2025-03-25 21:18:54 -0600
  
ActionController::RoutingError (No route matches [GET] "/index"):
  
Started GET "/index" for 127.0.0.1 at 2025-03-25 21:18:55 -0600
  
ActionController::RoutingError (No route matches [GET] "/index"):
  
Started GET "/index" for 127.0.0.1 at 2025-03-25 21:18:56 -0600
  
ActionController::RoutingError (No route matches [GET] "/index"):
  
Started GET "/index" for 127.0.0.1 at 2025-03-25 21:18:56 -0600
  
ActionController::RoutingError (No route matches [GET] "/index"):
  
Started GET "/index" for 127.0.0.1 at 2025-03-25 21:18:57 -0600
  
ActionController::RoutingError (No route matches [GET] "/index"):
  
Started GET "/inicio/prueba" for 127.0.0.1 at 2025-03-25 21:21:04 -0600
  
AbstractController::ActionNotFound (The action 'preuba' could not be found for InicioController):
  
actionpack (8.0.2) lib/abstract_controller/base.rb:158:in `process'
actionview (8.0.2) lib/action_view/rendering.rb:40:in `process'
actionpack (8.0.2) lib/action_controller/metal.rb:252:in `dispatch'
actionpack (8.0.2) lib/action_controller/metal.rb:335:in `dispatch'
actionpack (8.0.2) lib/action_dispatch/routing/route_set.rb:67:in `dispatch'
actionpack (8.0.2) lib/action_dispatch/routing/route_set.rb:50:in `serve'
actionpack (8.0.2) lib/action_dispatch/journey/router.rb:53:in `block in serve'
actionpack (8.0.2) lib/action_dispatch/journey/router.rb:133:in `block in find_routes'
actionpack (8.0.2) lib/action_dispatch/journey/router.rb:126:in `each'
actionpack (8.0.2) lib/action_dispatch/journey/router.rb:126:in `find_routes'
actionpack (8.0.2) lib/action_dispatch/journey/router.rb:34:in `serve'
actionpack (8.0.2) lib/action_dispatch/routing/route_set.rb:908:in `call'
railties (8.0.2) lib/rails/engine/lazy_route_set.rb:68:in `call'
rack (3.1.12) lib/rack/tempfile_reaper.rb:20:in `call'
rack (3.1.12) lib/rack/etag.rb:29:in `call'
rack (3.1.12) lib/rack/conditional_get.rb:31:in `call'
rack (3.1.12) lib/rack/head.rb:15:in `call'
actionpack (8.0.2) lib/action_dispatch/http/permissions_policy.rb:38:in `call'
actionpack (8.0.2) lib/action_dispatch/http/content_security_policy.rb:38:in `call'
rack-session (2.1.0) lib/rack/session/abstract/id.rb:274:in `context'
rack-session (2.1.0) lib/rack/session/abstract/id.rb:268:in `call'
actionpack (8.0.2) lib/action_dispatch/middleware/cookies.rb:706:in `call'
activerecord (8.0.2) lib/active_record/migration.rb:671:in `call'
actionpack (8.0.2) lib/action_dispatch/middleware/callbacks.rb:31:in `block in call'
activesupport (8.0.2) lib/active_support/callbacks.rb:100:in `run_callbacks'
actionpack (8.0.2) lib/action_dispatch/middleware/callbacks.rb:30:in `call'
actionpack (8.0.2) lib/action_dispatch/middleware/executor.rb:16:in `call'
actionpack (8.0.2) lib/action_dispatch/middleware/actionable_exceptions.rb:18:in `call'
actionpack (8.0.2) lib/action_dispatch/middleware/debug_exceptions.rb:31:in `call'
web-console (4.2.1) lib/web_console/middleware.rb:132:in `call_app'
web-console (4.2.1) lib/web_console/middleware.rb:28:in `block in call'
web-console (4.2.1) lib/web_console/middleware.rb:17:in `catch'
web-console (4.2.1) lib/web_console/middleware.rb:17:in `call'
actionpack (8.0.2) lib/action_dispatch/middleware/show_exceptions.rb:32:in `call'
railties (8.0.2) lib/rails/rack/logger.rb:41:in `call_app'
railties (8.0.2) lib/rails/rack/logger.rb:29:in `call'
actionpack (8.0.2) lib/action_dispatch/middleware/remote_ip.rb:96:in `call'
actionpack (8.0.2) lib/action_dispatch/middleware/request_id.rb:34:in `call'
rack (3.1.12) lib/rack/method_override.rb:28:in `call'
rack (3.1.12) lib/rack/runtime.rb:24:in `call'
actionpack (8.0.2) lib/action_dispatch/middleware/server_timing.rb:61:in `block in call'
actionpack (8.0.2) lib/action_dispatch/middleware/server_timing.rb:26:in `collect_events'
actionpack (8.0.2) lib/action_dispatch/middleware/server_timing.rb:60:in `call'
actionpack (8.0.2) lib/action_dispatch/middleware/executor.rb:16:in `call'
actionpack (8.0.2) lib/action_dispatch/middleware/static.rb:27:in `call'
rack (3.1.12) lib/rack/sendfile.rb:114:in `call'
actionpack (8.0.2) lib/action_dispatch/middleware/host_authorization.rb:143:in `call'
railties (8.0.2) lib/rails/engine.rb:535:in `call'
puma (6.6.0) lib/puma/configuration.rb:279:in `call'
puma (6.6.0) lib/puma/request.rb:99:in `block in handle_request'
puma (6.6.0) lib/puma/thread_pool.rb:390:in `with_force_shutdown'
puma (6.6.0) lib/puma/request.rb:98:in `handle_request'
puma (6.6.0) lib/puma/server.rb:472:in `process_client'
puma (6.6.0) lib/puma/server.rb:254:in `block in run'
puma (6.6.0) lib/puma/thread_pool.rb:167:in `block in spawn_thread'
Started GET "/prueba" for 127.0.0.1 at 2025-03-25 21:21:13 -0600
  
ActionController::RoutingError (No route matches [GET] "/prueba"):
  
Started GET "/inicio/prueba" for 127.0.0.1 at 2025-03-25 21:21:32 -0600
  
AbstractController::ActionNotFound (The action 'preuba' could not be found for InicioController):
  
actionpack (8.0.2) lib/abstract_controller/base.rb:158:in `process'
actionview (8.0.2) lib/action_view/rendering.rb:40:in `process'
actionpack (8.0.2) lib/action_controller/metal.rb:252:in `dispatch'
actionpack (8.0.2) lib/action_controller/metal.rb:335:in `dispatch'
actionpack (8.0.2) lib/action_dispatch/routing/route_set.rb:67:in `dispatch'
actionpack (8.0.2) lib/action_dispatch/routing/route_set.rb:50:in `serve'
actionpack (8.0.2) lib/action_dispatch/journey/router.rb:53:in `block in serve'
actionpack (8.0.2) lib/action_dispatch/journey/router.rb:133:in `block in find_routes'
actionpack (8.0.2) lib/action_dispatch/journey/router.rb:126:in `each'
actionpack (8.0.2) lib/action_dispatch/journey/router.rb:126:in `find_routes'
actionpack (8.0.2) lib/action_dispatch/journey/router.rb:34:in `serve'
actionpack (8.0.2) lib/action_dispatch/routing/route_set.rb:908:in `call'
railties (8.0.2) lib/rails/engine/lazy_route_set.rb:68:in `call'
rack (3.1.12) lib/rack/tempfile_reaper.rb:20:in `call'
rack (3.1.12) lib/rack/etag.rb:29:in `call'
rack (3.1.12) lib/rack/conditional_get.rb:31:in `call'
rack (3.1.12) lib/rack/head.rb:15:in `call'
actionpack (8.0.2) lib/action_dispatch/http/permissions_policy.rb:38:in `call'
actionpack (8.0.2) lib/action_dispatch/http/content_security_policy.rb:38:in `call'
rack-session (2.1.0) lib/rack/session/abstract/id.rb:274:in `context'
rack-session (2.1.0) lib/rack/session/abstract/id.rb:268:in `call'
actionpack (8.0.2) lib/action_dispatch/middleware/cookies.rb:706:in `call'
activerecord (8.0.2) lib/active_record/migration.rb:671:in `call'
actionpack (8.0.2) lib/action_dispatch/middleware/callbacks.rb:31:in `block in call'
activesupport (8.0.2) lib/active_support/callbacks.rb:100:in `run_callbacks'
actionpack (8.0.2) lib/action_dispatch/middleware/callbacks.rb:30:in `call'
actionpack (8.0.2) lib/action_dispatch/middleware/executor.rb:16:in `call'
actionpack (8.0.2) lib/action_dispatch/middleware/actionable_exceptions.rb:18:in `call'
actionpack (8.0.2) lib/action_dispatch/middleware/debug_exceptions.rb:31:in `call'
web-console (4.2.1) lib/web_console/middleware.rb:132:in `call_app'
web-console (4.2.1) lib/web_console/middleware.rb:28:in `block in call'
web-console (4.2.1) lib/web_console/middleware.rb:17:in `catch'
web-console (4.2.1) lib/web_console/middleware.rb:17:in `call'
actionpack (8.0.2) lib/action_dispatch/middleware/show_exceptions.rb:32:in `call'
railties (8.0.2) lib/rails/rack/logger.rb:41:in `call_app'
railties (8.0.2) lib/rails/rack/logger.rb:29:in `call'
actionpack (8.0.2) lib/action_dispatch/middleware/remote_ip.rb:96:in `call'
actionpack (8.0.2) lib/action_dispatch/middleware/request_id.rb:34:in `call'
rack (3.1.12) lib/rack/method_override.rb:28:in `call'
rack (3.1.12) lib/rack/runtime.rb:24:in `call'
actionpack (8.0.2) lib/action_dispatch/middleware/server_timing.rb:61:in `block in call'
actionpack (8.0.2) lib/action_dispatch/middleware/server_timing.rb:26:in `collect_events'
actionpack (8.0.2) lib/action_dispatch/middleware/server_timing.rb:60:in `call'
actionpack (8.0.2) lib/action_dispatch/middleware/executor.rb:16:in `call'
actionpack (8.0.2) lib/action_dispatch/middleware/static.rb:27:in `call'
rack (3.1.12) lib/rack/sendfile.rb:114:in `call'
actionpack (8.0.2) lib/action_dispatch/middleware/host_authorization.rb:143:in `call'
railties (8.0.2) lib/rails/engine.rb:535:in `call'
puma (6.6.0) lib/puma/configuration.rb:279:in `call'
puma (6.6.0) lib/puma/request.rb:99:in `block in handle_request'
puma (6.6.0) lib/puma/thread_pool.rb:390:in `with_force_shutdown'
puma (6.6.0) lib/puma/request.rb:98:in `handle_request'
puma (6.6.0) lib/puma/server.rb:472:in `process_client'
puma (6.6.0) lib/puma/server.rb:254:in `block in run'
puma (6.6.0) lib/puma/thread_pool.rb:167:in `block in spawn_thread'
Started GET "/inicio/prueba" for 127.0.0.1 at 2025-03-25 21:22:04 -0600
  
AbstractController::ActionNotFound (The action 'preuba' could not be found for InicioController):
  
actionpack (8.0.2) lib/abstract_controller/base.rb:158:in `process'
actionview (8.0.2) lib/action_view/rendering.rb:40:in `process'
actionpack (8.0.2) lib/action_controller/metal.rb:252:in `dispatch'
actionpack (8.0.2) lib/action_controller/metal.rb:335:in `dispatch'
actionpack (8.0.2) lib/action_dispatch/routing/route_set.rb:67:in `dispatch'
actionpack (8.0.2) lib/action_dispatch/routing/route_set.rb:50:in `serve'
actionpack (8.0.2) lib/action_dispatch/journey/router.rb:53:in `block in serve'
actionpack (8.0.2) lib/action_dispatch/journey/router.rb:133:in `block in find_routes'
actionpack (8.0.2) lib/action_dispatch/journey/router.rb:126:in `each'
actionpack (8.0.2) lib/action_dispatch/journey/router.rb:126:in `find_routes'
actionpack (8.0.2) lib/action_dispatch/journey/router.rb:34:in `serve'
actionpack (8.0.2) lib/action_dispatch/routing/route_set.rb:908:in `call'
railties (8.0.2) lib/rails/engine/lazy_route_set.rb:68:in `call'
rack (3.1.12) lib/rack/tempfile_reaper.rb:20:in `call'
rack (3.1.12) lib/rack/etag.rb:29:in `call'
rack (3.1.12) lib/rack/conditional_get.rb:31:in `call'
rack (3.1.12) lib/rack/head.rb:15:in `call'
actionpack (8.0.2) lib/action_dispatch/http/permissions_policy.rb:38:in `call'
actionpack (8.0.2) lib/action_dispatch/http/content_security_policy.rb:38:in `call'
rack-session (2.1.0) lib/rack/session/abstract/id.rb:274:in `context'
rack-session (2.1.0) lib/rack/session/abstract/id.rb:268:in `call'
actionpack (8.0.2) lib/action_dispatch/middleware/cookies.rb:706:in `call'
activerecord (8.0.2) lib/active_record/migration.rb:671:in `call'
actionpack (8.0.2) lib/action_dispatch/middleware/callbacks.rb:31:in `block in call'
activesupport (8.0.2) lib/active_support/callbacks.rb:100:in `run_callbacks'
actionpack (8.0.2) lib/action_dispatch/middleware/callbacks.rb:30:in `call'
actionpack (8.0.2) lib/action_dispatch/middleware/executor.rb:16:in `call'
actionpack (8.0.2) lib/action_dispatch/middleware/actionable_exceptions.rb:18:in `call'
actionpack (8.0.2) lib/action_dispatch/middleware/debug_exceptions.rb:31:in `call'
web-console (4.2.1) lib/web_console/middleware.rb:132:in `call_app'
web-console (4.2.1) lib/web_console/middleware.rb:28:in `block in call'
web-console (4.2.1) lib/web_console/middleware.rb:17:in `catch'
web-console (4.2.1) lib/web_console/middleware.rb:17:in `call'
actionpack (8.0.2) lib/action_dispatch/middleware/show_exceptions.rb:32:in `call'
railties (8.0.2) lib/rails/rack/logger.rb:41:in `call_app'
railties (8.0.2) lib/rails/rack/logger.rb:29:in `call'
actionpack (8.0.2) lib/action_dispatch/middleware/remote_ip.rb:96:in `call'
actionpack (8.0.2) lib/action_dispatch/middleware/request_id.rb:34:in `call'
rack (3.1.12) lib/rack/method_override.rb:28:in `call'
rack (3.1.12) lib/rack/runtime.rb:24:in `call'
actionpack (8.0.2) lib/action_dispatch/middleware/server_timing.rb:61:in `block in call'
actionpack (8.0.2) lib/action_dispatch/middleware/server_timing.rb:26:in `collect_events'
actionpack (8.0.2) lib/action_dispatch/middleware/server_timing.rb:60:in `call'
actionpack (8.0.2) lib/action_dispatch/middleware/executor.rb:16:in `call'
actionpack (8.0.2) lib/action_dispatch/middleware/static.rb:27:in `call'
rack (3.1.12) lib/rack/sendfile.rb:114:in `call'
actionpack (8.0.2) lib/action_dispatch/middleware/host_authorization.rb:143:in `call'
railties (8.0.2) lib/rails/engine.rb:535:in `call'
puma (6.6.0) lib/puma/configuration.rb:279:in `call'
puma (6.6.0) lib/puma/request.rb:99:in `block in handle_request'
puma (6.6.0) lib/puma/thread_pool.rb:390:in `with_force_shutdown'
puma (6.6.0) lib/puma/request.rb:98:in `handle_request'
puma (6.6.0) lib/puma/server.rb:472:in `process_client'
puma (6.6.0) lib/puma/server.rb:254:in `block in run'
puma (6.6.0) lib/puma/thread_pool.rb:167:in `block in spawn_thread'
Started GET "/inicio/prueba" for 127.0.0.1 at 2025-03-25 21:22:39 -0600
Processing by InicioController#prueba as HTML
  Rendering layout layouts/application.html.erb
  Rendering inicio/prueba.html.erb within layouts/application
  Rendered inicio/prueba.html.erb within layouts/application (Duration: 0.3ms | GC: 0.0ms)
  Rendered layout layouts/application.html.erb (Duration: 9.3ms | GC: 0.0ms)
Completed 200 OK in 261ms (Views: 11.7ms | ActiveRecord: 0.0ms (0 queries, 0 cached) | GC: 0.0ms)


Started GET "/assets/application-8b441ae0.css" for 127.0.0.1 at 2025-03-25 21:22:39 -0600
Started GET "/assets/application-bfcdf840.js" for 127.0.0.1 at 2025-03-25 21:22:39 -0600
Started GET "/inicio/prueba" for 127.0.0.1 at 2025-03-25 21:25:57 -0600
  [1m[36mActiveRecord::SchemaMigration Load (0.1ms)[0m  [1m[34mSELECT "schema_migrations"."version" FROM "schema_migrations" ORDER BY "schema_migrations"."version" ASC /*application='Proyecto'*/[0m
Processing by InicioController#prueba as HTML
  Rendering layout layouts/application.html.erb
  Rendering inicio/prueba.html.erb within layouts/application
  Rendered inicio/prueba.html.erb within layouts/application (Duration: 0.5ms | GC: 0.0ms)
  Rendered layout layouts/application.html.erb (Duration: 27.9ms | GC: 0.0ms)
Completed 200 OK in 551ms (Views: 33.3ms | ActiveRecord: 0.0ms (0 queries, 0 cached) | GC: 0.0ms)


Started GET "/inicio/prueba" for 127.0.0.1 at 2025-03-25 21:25:59 -0600
Processing by InicioController#prueba as HTML
  Rendering layout layouts/application.html.erb
  Rendering inicio/prueba.html.erb within layouts/application
  Rendered inicio/prueba.html.erb within layouts/application (Duration: 0.2ms | GC: 0.0ms)
  Rendered layout layouts/application.html.erb (Duration: 1.2ms | GC: 0.0ms)
Completed 200 OK in 259ms (Views: 1.5ms | ActiveRecord: 0.0ms (0 queries, 0 cached) | GC: 0.0ms)


Started GET "/inicio/prueba" for 127.0.0.1 at 2025-03-25 21:39:20 -0600
Processing by InicioController#prueba as HTML
  Rendering layout layouts/application.html.erb
  Rendering inicio/prueba.html.erb within layouts/application
  Rendered inicio/prueba.html.erb within layouts/application (Duration: 0.4ms | GC: 0.0ms)
  Rendered layout layouts/application.html.erb (Duration: 2.8ms | GC: 0.0ms)
Completed 200 OK in 264ms (Views: 5.2ms | ActiveRecord: 0.0ms (0 queries, 0 cached) | GC: 0.0ms)


Started GET "/inicio/obtenerEstados" for 127.0.0.1 at 2025-03-25 21:39:25 -0600
Processing by InicioController#obtenerEstados as HTML
Completed 500 Internal Server Error in 253ms (ActiveRecord: 0.0ms (0 queries, 0 cached) | GC: 0.0ms)


  
ArgumentError (wrong number of arguments (given 0, expected 1)):
  
app/controllers/inicio_controller.rb:17:in `obtenerEstados'
Started GET "/inicio/obtenerEstados" for 127.0.0.1 at 2025-03-25 21:39:54 -0600
Processing by InicioController#obtenerEstados as HTML
Completed 500 Internal Server Error in 250ms (ActiveRecord: 0.0ms (0 queries, 0 cached) | GC: 0.0ms)


  
ArgumentError (wrong number of arguments (given 0, expected 1)):
  
app/controllers/inicio_controller.rb:17:in `obtenerEstados'
Started GET "/inicio/consumirApiReservamos" for 127.0.0.1 at 2025-03-25 21:44:07 -0600
  
ActionController::RoutingError (No route matches [GET] "/inicio/consumirApiReservamos"):
  
Started GET "/inicio/consumirApiReservamos" for 127.0.0.1 at 2025-03-25 21:44:50 -0600
  
ActionController::RoutingError (No route matches [GET] "/inicio/consumirApiReservamos"):
  
Started GET "/inicio/consumirApiReservamos" for 127.0.0.1 at 2025-03-25 21:44:52 -0600
  
ActionController::RoutingError (No route matches [GET] "/inicio/consumirApiReservamos"):
  
Started GET "/inicio/consumirApiReservamos" for 127.0.0.1 at 2025-03-25 21:45:12 -0600
Processing by InicioController#consumirApiReservamos as HTML
  Rendering layout layouts/application.html.erb
  Rendering inicio/consumirApiReservamos.html.erb within layouts/application
  Rendered inicio/consumirApiReservamos.html.erb within layouts/application (Duration: 0.9ms | GC: 0.0ms)
  Rendered layout layouts/application.html.erb (Duration: 4.2ms | GC: 0.0ms)
Completed 200 OK in 729ms (Views: 8.6ms | ActiveRecord: 0.0ms (0 queries, 0 cached) | GC: 0.0ms)


Started GET "/inicio/consumirApiReservamos" for 127.0.0.1 at 2025-03-25 21:45:35 -0600
Processing by InicioController#consumirApiReservamos as HTML
  Rendering layout layouts/application.html.erb
  Rendering inicio/consumirApiReservamos.html.erb within layouts/application
  Rendered inicio/consumirApiReservamos.html.erb within layouts/application (Duration: 0.8ms | GC: 0.0ms)
  Rendered layout layouts/application.html.erb (Duration: 3.7ms | GC: 0.0ms)
Completed 200 OK in 445ms (Views: 9.1ms | ActiveRecord: 0.0ms (0 queries, 0 cached) | GC: 0.0ms)


Started GET "/inicio/consumirApiReservamos" for 127.0.0.1 at 2025-03-25 21:56:31 -0600
Processing by InicioController#consumirApiReservamos as HTML
  Rendering layout layouts/application.html.erb
  Rendering inicio/consumirApiReservamos.html.erb within layouts/application
  Rendered inicio/consumirApiReservamos.html.erb within layouts/application (Duration: 1.0ms | GC: 0.0ms)
  Rendered layout layouts/application.html.erb (Duration: 3.3ms | GC: 0.0ms)
Completed 200 OK in 582ms (Views: 5.8ms | ActiveRecord: 0.0ms (0 queries, 0 cached) | GC: 0.0ms)


Started GET "/inicio/consumirApiReservamos" for 127.0.0.1 at 2025-03-25 21:56:44 -0600
Processing by InicioController#consumirApiReservamos as HTML
  Rendering layout layouts/application.html.erb
  Rendering inicio/consumirApiReservamos.html.erb within layouts/application
  Rendered inicio/consumirApiReservamos.html.erb within layouts/application (Duration: 0.6ms | GC: 0.0ms)
  Rendered layout layouts/application.html.erb (Duration: 2.8ms | GC: 0.0ms)
Completed 200 OK in 489ms (Views: 5.2ms | ActiveRecord: 0.0ms (0 queries, 0 cached) | GC: 0.0ms)


Started GET "/inicio/consumirApiReservamos" for 127.0.0.1 at 2025-03-25 21:57:08 -0600
Processing by InicioController#consumirApiReservamos as HTML
  Rendering layout layouts/application.html.erb
  Rendering inicio/consumirApiReservamos.html.erb within layouts/application
  Rendered inicio/consumirApiReservamos.html.erb within layouts/application (Duration: 0.6ms | GC: 0.0ms)
  Rendered layout layouts/application.html.erb (Duration: 3.4ms | GC: 0.0ms)
Completed 200 OK in 460ms (Views: 5.9ms | ActiveRecord: 0.0ms (0 queries, 0 cached) | GC: 0.0ms)


Started GET "/inicio/consumirApiReservamos" for 127.0.0.1 at 2025-03-25 21:59:15 -0600
Processing by InicioController#consumirApiReservamos as HTML
  Rendering layout layouts/application.html.erb
  Rendering inicio/consumirApiReservamos.html.erb within layouts/application
  Rendered inicio/consumirApiReservamos.html.erb within layouts/application (Duration: 0.7ms | GC: 0.0ms)
  Rendered layout layouts/application.html.erb (Duration: 3.4ms | GC: 0.0ms)
Completed 200 OK in 465ms (Views: 7.1ms | ActiveRecord: 0.0ms (0 queries, 0 cached) | GC: 0.0ms)


Started GET "/inicio/consumirApiReservamos" for 127.0.0.1 at 2025-03-25 22:13:07 -0600
Processing by InicioController#consumirApiReservamos as HTML
  Rendering layout layouts/application.html.erb
  Rendering inicio/consumirApiReservamos.html.erb within layouts/application
  Rendered inicio/consumirApiReservamos.html.erb within layouts/application (Duration: 0.7ms | GC: 0.0ms)
  Rendered layout layouts/application.html.erb (Duration: 3.1ms | GC: 0.0ms)
Completed 200 OK in 580ms (Views: 5.6ms | ActiveRecord: 0.0ms (0 queries, 0 cached) | GC: 0.0ms)


Started GET "/inicio/consumirApiReservamos" for 127.0.0.1 at 2025-03-26 01:58:01 -0600
Processing by InicioController#consumirApiReservamos as HTML
  Rendering layout layouts/application.html.erb
  Rendering inicio/consumirApiReservamos.html.erb within layouts/application
  Rendered inicio/consumirApiReservamos.html.erb within layouts/application (Duration: 0.7ms | GC: 0.0ms)
  Rendered layout layouts/application.html.erb (Duration: 9.5ms | GC: 0.0ms)
Completed 200 OK in 548ms (Views: 12.5ms | ActiveRecord: 0.0ms (0 queries, 0 cached) | GC: 0.0ms)


Started GET "/assets/application-1f7ca4de.js" for 127.0.0.1 at 2025-03-26 01:58:02 -0600
Started GET "/assets/turbo.min-02fd5b81.js.map" for 127.0.0.1 at 2025-03-26 01:58:05 -0600
Started GET "/assets/stimulus.min-2395e199.js.map" for 127.0.0.1 at 2025-03-26 01:58:49 -0600
Started GET "/assets/turbo.min-02fd5b81.js.map" for 127.0.0.1 at 2025-03-26 01:58:49 -0600
Started GET "/inicio/consumirApiReservamos" for 127.0.0.1 at 2025-03-26 01:58:58 -0600
Processing by InicioController#consumirApiReservamos as HTML
  Rendering layout layouts/application.html.erb
  Rendering inicio/consumirApiReservamos.html.erb within layouts/application
  Rendered inicio/consumirApiReservamos.html.erb within layouts/application (Duration: 0.7ms | GC: 0.0ms)
  Rendered layout layouts/application.html.erb (Duration: 7.4ms | GC: 0.0ms)
Completed 200 OK in 452ms (Views: 8.0ms | ActiveRecord: 0.0ms (0 queries, 0 cached) | GC: 0.0ms)


Started GET "/assets/application-0eec2bb0.js" for 127.0.0.1 at 2025-03-26 01:58:58 -0600
Started GET "/assets/turbo.min-02fd5b81.js.map" for 127.0.0.1 at 2025-03-26 01:58:58 -0600
Started GET "/assets/stimulus.min-2395e199.js.map" for 127.0.0.1 at 2025-03-26 01:58:58 -0600
Started GET "/assets/turbo.min-02fd5b81.js.map" for 127.0.0.1 at 2025-03-26 01:58:58 -0600
Started GET "/inicio/consumirApiReservamos" for 127.0.0.1 at 2025-03-26 01:59:13 -0600
Processing by InicioController#consumirApiReservamos as HTML
  Rendering layout layouts/application.html.erb
  Rendering inicio/consumirApiReservamos.html.erb within layouts/application
  Rendered inicio/consumirApiReservamos.html.erb within layouts/application (Duration: 0.6ms | GC: 0.0ms)
  Rendered layout layouts/application.html.erb (Duration: 5.8ms | GC: 0.0ms)
Completed 200 OK in 464ms (Views: 6.2ms | ActiveRecord: 0.0ms (0 queries, 0 cached) | GC: 0.0ms)


Started GET "/assets/application-a6a227ff.js" for 127.0.0.1 at 2025-03-26 01:59:13 -0600
Started GET "/assets/stimulus.min-2395e199.js.map" for 127.0.0.1 at 2025-03-26 01:59:13 -0600
Started GET "/assets/turbo.min-02fd5b81.js.map" for 127.0.0.1 at 2025-03-26 01:59:13 -0600
Started GET "/inicio/consumirApiReservamos" for 127.0.0.1 at 2025-03-26 01:59:48 -0600
Processing by InicioController#consumirApiReservamos as HTML
  Rendering layout layouts/application.html.erb
  Rendering inicio/consumirApiReservamos.html.erb within layouts/application
  Rendered inicio/consumirApiReservamos.html.erb within layouts/application (Duration: 0.3ms | GC: 0.0ms)
  Rendered layout layouts/application.html.erb (Duration: 5.5ms | GC: 0.0ms)
Completed 200 OK in 427ms (Views: 6.0ms | ActiveRecord: 0.0ms (0 queries, 0 cached) | GC: 0.0ms)


Started GET "/assets/application-106a8f57.js" for 127.0.0.1 at 2025-03-26 01:59:49 -0600
Started GET "/assets/turbo.min-02fd5b81.js.map" for 127.0.0.1 at 2025-03-26 01:59:49 -0600
Started GET "/assets/stimulus.min-2395e199.js.map" for 127.0.0.1 at 2025-03-26 01:59:49 -0600
Started GET "/inicio/consumirApiReservamos" for 127.0.0.1 at 2025-03-26 02:00:02 -0600
Processing by InicioController#consumirApiReservamos as HTML
  Rendering layout layouts/application.html.erb
  Rendering inicio/consumirApiReservamos.html.erb within layouts/application
  Rendered inicio/consumirApiReservamos.html.erb within layouts/application (Duration: 0.6ms | GC: 0.0ms)
  Rendered layout layouts/application.html.erb (Duration: 1.9ms | GC: 0.0ms)
Completed 200 OK in 497ms (Views: 2.4ms | ActiveRecord: 0.0ms (0 queries, 0 cached) | GC: 0.0ms)


Started GET "/assets/stimulus.min-2395e199.js.map" for 127.0.0.1 at 2025-03-26 02:00:02 -0600
Started GET "/assets/turbo.min-02fd5b81.js.map" for 127.0.0.1 at 2025-03-26 02:00:02 -0600
Started GET "/inicio/consumirApiReservamos" for 127.0.0.1 at 2025-03-26 02:03:45 -0600
Processing by InicioController#consumirApiReservamos as HTML
  Rendering layout layouts/application.html.erb
  Rendering inicio/consumirApiReservamos.html.erb within layouts/application
  Rendered inicio/consumirApiReservamos.html.erb within layouts/application (Duration: 0.5ms | GC: 0.0ms)
  Rendered layout layouts/application.html.erb (Duration: 6.4ms | GC: 0.0ms)
Completed 200 OK in 533ms (Views: 6.9ms | ActiveRecord: 0.0ms (0 queries, 0 cached) | GC: 0.0ms)


Started GET "/assets/application-2798afa1.js" for 127.0.0.1 at 2025-03-26 02:03:46 -0600
Started GET "/assets/turbo.min-02fd5b81.js.map" for 127.0.0.1 at 2025-03-26 02:03:46 -0600
Started GET "/assets/stimulus.min-2395e199.js.map" for 127.0.0.1 at 2025-03-26 02:03:46 -0600
Started GET "/inicio/consumirApiReservamos" for 127.0.0.1 at 2025-03-26 02:04:46 -0600
Processing by InicioController#consumirApiReservamos as HTML
  Rendering layout layouts/application.html.erb
  Rendering inicio/consumirApiReservamos.html.erb within layouts/application
  Rendered inicio/consumirApiReservamos.html.erb within layouts/application (Duration: 0.6ms | GC: 0.0ms)
  Rendered layout layouts/application.html.erb (Duration: 5.7ms | GC: 0.0ms)
Completed 200 OK in 485ms (Views: 6.0ms | ActiveRecord: 0.0ms (0 queries, 0 cached) | GC: 0.0ms)


Started GET "/assets/application-0ae3f69b.js" for 127.0.0.1 at 2025-03-26 02:04:46 -0600
Started GET "/assets/turbo.min-02fd5b81.js.map" for 127.0.0.1 at 2025-03-26 02:04:47 -0600
Started GET "/assets/stimulus.min-2395e199.js.map" for 127.0.0.1 at 2025-03-26 02:04:47 -0600
Started GET "/inicio/consumirApiReservamos" for 127.0.0.1 at 2025-03-26 02:05:46 -0600
Processing by InicioController#consumirApiReservamos as HTML
  Rendering layout layouts/application.html.erb
  Rendering inicio/consumirApiReservamos.html.erb within layouts/application
  Rendered inicio/consumirApiReservamos.html.erb within layouts/application (Duration: 0.6ms | GC: 0.0ms)
  Rendered layout layouts/application.html.erb (Duration: 7.6ms | GC: 0.0ms)
Completed 200 OK in 443ms (Views: 8.1ms | ActiveRecord: 0.0ms (0 queries, 0 cached) | GC: 0.0ms)


Started GET "/assets/application-7e41df92.js" for 127.0.0.1 at 2025-03-26 02:05:46 -0600
Started GET "/assets/turbo.min-02fd5b81.js.map" for 127.0.0.1 at 2025-03-26 02:05:46 -0600
Started GET "/assets/stimulus.min-2395e199.js.map" for 127.0.0.1 at 2025-03-26 02:05:46 -0600
Started GET "/inicio/consumirApiReservamos" for 127.0.0.1 at 2025-03-26 02:06:22 -0600
Processing by InicioController#consumirApiReservamos as HTML
  Rendering layout layouts/application.html.erb
  Rendering inicio/consumirApiReservamos.html.erb within layouts/application
  Rendered inicio/consumirApiReservamos.html.erb within layouts/application (Duration: 0.6ms | GC: 0.0ms)
  Rendered layout layouts/application.html.erb (Duration: 9.7ms | GC: 0.0ms)
Completed 200 OK in 443ms (Views: 10.3ms | ActiveRecord: 0.0ms (0 queries, 0 cached) | GC: 0.0ms)


Started GET "/assets/application-b6d2831b.js" for 127.0.0.1 at 2025-03-26 02:06:23 -0600
Started GET "/assets/turbo.min-02fd5b81.js.map" for 127.0.0.1 at 2025-03-26 02:06:23 -0600
Started GET "/assets/stimulus.min-2395e199.js.map" for 127.0.0.1 at 2025-03-26 02:06:23 -0600
Started GET "/inicio/consumirApiReservamos" for 127.0.0.1 at 2025-03-26 02:20:05 -0600
Processing by InicioController#consumirApiReservamos as HTML
  Rendering layout layouts/application.html.erb
  Rendering inicio/consumirApiReservamos.html.erb within layouts/application
  Rendered inicio/consumirApiReservamos.html.erb within layouts/application (Duration: 0.4ms | GC: 0.0ms)
  Rendered layout layouts/application.html.erb (Duration: 1.7ms | GC: 0.0ms)
Completed 200 OK in 558ms (Views: 2.1ms | ActiveRecord: 0.0ms (0 queries, 0 cached) | GC: 0.0ms)


Started GET "/assets/stimulus.min-2395e199.js.map" for 127.0.0.1 at 2025-03-26 02:20:06 -0600
Started GET "/assets/turbo.min-02fd5b81.js.map" for 127.0.0.1 at 2025-03-26 02:20:06 -0600
Started GET "/inicio/consumirApiReservamos" for 127.0.0.1 at 2025-03-26 02:20:24 -0600
Processing by InicioController#consumirApiReservamos as HTML
  Rendering layout layouts/application.html.erb
  Rendering inicio/consumirApiReservamos.html.erb within layouts/application
  Rendered inicio/consumirApiReservamos.html.erb within layouts/application (Duration: 0.8ms | GC: 0.0ms)
  Rendered layout layouts/application.html.erb (Duration: 4.3ms | GC: 0.0ms)
Completed 200 OK in 449ms (Views: 11.6ms | ActiveRecord: 0.0ms (0 queries, 0 cached) | GC: 0.0ms)


Started GET "/assets/turbo.min-02fd5b81.js.map" for 127.0.0.1 at 2025-03-26 02:20:25 -0600
Started GET "/assets/stimulus.min-2395e199.js.map" for 127.0.0.1 at 2025-03-26 02:20:25 -0600
Started GET "/assets/stimulus.min-2395e199.js.map" for 127.0.0.1 at 2025-03-26 02:45:15 -0600
Started GET "/assets/turbo.min-02fd5b81.js.map" for 127.0.0.1 at 2025-03-26 02:45:15 -0600
Started GET "/favicon.ico" for 127.0.0.1 at 2025-03-26 02:45:15 -0600
  
ActionController::RoutingError (No route matches [GET] "/favicon.ico"):
  
Started GET "/inicio/consumirApiReservamos" for 127.0.0.1 at 2025-03-26 02:45:19 -0600
Processing by InicioController#consumirApiReservamos as HTML
  Rendering layout layouts/application.html.erb
  Rendering inicio/consumirApiReservamos.html.erb within layouts/application
  Rendered inicio/consumirApiReservamos.html.erb within layouts/application (Duration: 3.0ms | GC: 0.0ms)
  Rendered layout layouts/application.html.erb (Duration: 3.5ms | GC: 0.0ms)
Completed 500 Internal Server Error in 523ms (ActiveRecord: 0.0ms (0 queries, 0 cached) | GC: 0.0ms)


  
ActionView::Template::Error (undefined local variable or method `meteoroLat' for an instance of #<Class:0x0000027d92c82640>)
Caused by: NameError (undefined local variable or method `meteoroLat' for an instance of #<Class:0x0000027d92c82640>)

Information for: ActionView::Template::Error (undefined local variable or method `meteoroLat' for an instance of #<Class:0x0000027d92c82640>):
    13: </select>
    14: 
    15: <div class="alert alert-primary" role="alert">
    16:     Latitud: <%meteoroLat%>
    17:     Longitud: <%meteoroLong%>
    18: </div>
    19: 
  
app/views/inicio/consumirApiReservamos.html.erb:16

Information for cause: NameError (undefined local variable or method `meteoroLat' for an instance of #<Class:0x0000027d92c82640>):
  
app/views/inicio/consumirApiReservamos.html.erb:16
Started GET "/inicio/consumirApiReservamos" for 127.0.0.1 at 2025-03-26 02:45:38 -0600
Processing by InicioController#consumirApiReservamos as HTML
  Rendering layout layouts/application.html.erb
  Rendering inicio/consumirApiReservamos.html.erb within layouts/application
  Rendered inicio/consumirApiReservamos.html.erb within layouts/application (Duration: 0.7ms | GC: 0.0ms)
  Rendered layout layouts/application.html.erb (Duration: 8.2ms | GC: 0.0ms)
Completed 200 OK in 432ms (Views: 11.3ms | ActiveRecord: 0.0ms (0 queries, 0 cached) | GC: 0.0ms)


Started GET "/assets/turbo.min-02fd5b81.js.map" for 127.0.0.1 at 2025-03-26 02:45:38 -0600
Started GET "/assets/stimulus.min-2395e199.js.map" for 127.0.0.1 at 2025-03-26 02:45:38 -0600
Started GET "/inicio/consumirApiReservamos" for 127.0.0.1 at 2025-03-26 02:59:37 -0600
Processing by InicioController#consumirApiReservamos as HTML
  Rendering layout layouts/application.html.erb
  Rendering inicio/consumirApiReservamos.html.erb within layouts/application
  Rendered inicio/consumirApiReservamos.html.erb within layouts/application (Duration: 1.3ms | GC: 0.0ms)
  Rendered layout layouts/application.html.erb (Duration: 1.8ms | GC: 0.0ms)
Completed 500 Internal Server Error in 518ms (ActiveRecord: 0.0ms (0 queries, 0 cached) | GC: 0.0ms)


  
ActionView::SyntaxErrorInTemplate (Encountered a syntax error while rendering template: check 

<select id="sEstadoSeleccionado" class="form-select" aria-label="Default select example">
    <option selected>Seleccione el Lugar</option>
        <% i=1 %>
        <% @Lugares.each do |user|%>
            <option value="<%i%>"><%=user["city_slug"]%> <%=user["display"]%></option>
            <%=obtenerTemperatura(user["lat	"],user["long"])%>
        <%i=i+1%>
        
</select>

<div class="alert alert-primary" role="alert">
    <%=@temperatura.each do |temp|%>
    temperatura: <%=temp["main"]["temp_min"]%>
    <%end%>
</div>


        
)
Caused by: ActiveSupport::SyntaxErrorProxy (V:/Ruby/Reservamos/proyecto/app/views/inicio/consumirApiReservamos.html.erb:22: syntax error, unexpected end-of-input, expecting `end' or dummy end
          end
             ^
)

Information for: ActionView::SyntaxErrorInTemplate (Encountered a syntax error while rendering template: check 

<select id="sEstadoSeleccionado" class="form-select" aria-label="Default select example">
    <option selected>Seleccione el Lugar</option>
        <% i=1 %>
        <% @Lugares.each do |user|%>
            <option value="<%i%>"><%=user["city_slug"]%> <%=user["display"]%></option>
            <%=obtenerTemperatura(user["lat	"],user["long"])%>
        <%i=i+1%>
        
</select>

<div class="alert alert-primary" role="alert">
    <%=@temperatura.each do |temp|%>
    temperatura: <%=temp["main"]["temp_min"]%>
    <%end%>
</div>


        
):
1:    
2:    
3:    <select id="sEstadoSeleccionado" class="form-select" aria-label="Default select example">
4:        <option selected>Seleccione el Lugar</option>
5:            <% i=1 %>
6:            <% @Lugares.each do |user|%>
7:                <option value="<%i%>"><%=user["city_slug"]%> <%=user["display"]%></option>
8:                <%=obtenerTemperatura(user["lat	"],user["long"])%>
9:            <%i=i+1%>
10:            
11:    </select>
12:    
13:    <div class="alert alert-primary" role="alert">
14:        <%=@temperatura.each do |temp|%>
15:        temperatura: <%=temp["main"]["temp_min"]%>
16:        <%end%>
17:    </div>
18:    
19:    
20:            
  
app/views/inicio/consumirApiReservamos.html.erb:22: syntax error, unexpected end-of-input, expecting `end' or dummy end

Information for cause: ActiveSupport::SyntaxErrorProxy (V:/Ruby/Reservamos/proyecto/app/views/inicio/consumirApiReservamos.html.erb:22: syntax error, unexpected end-of-input, expecting `end' or dummy end
          end
             ^
):
  
app/views/inicio/consumirApiReservamos.html.erb:22: syntax error, unexpected end-of-input, expecting `end' or dummy end
Started GET "/inicio/consumirApiReservamos" for 127.0.0.1 at 2025-03-26 03:00:17 -0600
Processing by InicioController#consumirApiReservamos as HTML
  Rendering layout layouts/application.html.erb
  Rendering inicio/consumirApiReservamos.html.erb within layouts/application
  Rendered inicio/consumirApiReservamos.html.erb within layouts/application (Duration: 1.1ms | GC: 0.0ms)
  Rendered layout layouts/application.html.erb (Duration: 1.6ms | GC: 0.0ms)
Completed 500 Internal Server Error in 446ms (ActiveRecord: 0.0ms (0 queries, 0 cached) | GC: 0.0ms)


  
ActionView::Template::Error (undefined method `obtenerTemperatura' for an instance of #<Class:0x0000027d966c2300>)
Caused by: NoMethodError (undefined method `obtenerTemperatura' for an instance of #<Class:0x0000027d966c2300>)

Information for: ActionView::Template::Error (undefined method `obtenerTemperatura' for an instance of #<Class:0x0000027d966c2300>):
     5:         <% i=1 %>
     6:         <% @Lugares.each do |user|%>
     7:             <option value="<%i%>"><%=user["city_slug"]%> <%=user["display"]%></option>
     8:             <%=obtenerTemperatura(user["lat	"],user["long"])%>
     9:         <%i=i+1%>
    10:         <%end%>
    11: </select>
  
app/views/inicio/consumirApiReservamos.html.erb:8
app/views/inicio/consumirApiReservamos.html.erb:6

Information for cause: NoMethodError (undefined method `obtenerTemperatura' for an instance of #<Class:0x0000027d966c2300>):
  
app/views/inicio/consumirApiReservamos.html.erb:8
app/views/inicio/consumirApiReservamos.html.erb:6
Started GET "/favicon.ico" for 127.0.0.1 at 2025-03-26 03:00:17 -0600
  
ActionController::RoutingError (No route matches [GET] "/favicon.ico"):
  
Started GET "/inicio/consumirApiReservamos" for 127.0.0.1 at 2025-03-26 03:00:26 -0600
Processing by InicioController#consumirApiReservamos as HTML
  Rendering layout layouts/application.html.erb
  Rendering inicio/consumirApiReservamos.html.erb within layouts/application
  Rendered inicio/consumirApiReservamos.html.erb within layouts/application (Duration: 1.3ms | GC: 0.0ms)
  Rendered layout layouts/application.html.erb (Duration: 1.8ms | GC: 0.0ms)
Completed 500 Internal Server Error in 450ms (ActiveRecord: 0.0ms (0 queries, 0 cached) | GC: 0.0ms)


  
ActionView::Template::Error (undefined method `obtenerTemperatura' for an instance of #<Class:0x0000027d986a2f80>)
Caused by: NoMethodError (undefined method `obtenerTemperatura' for an instance of #<Class:0x0000027d986a2f80>)

Information for: ActionView::Template::Error (undefined method `obtenerTemperatura' for an instance of #<Class:0x0000027d986a2f80>):
     5:         <% i=1 %>
     6:         <% @Lugares.each do |user|%>
     7:             <option value="<%i%>"><%=user["city_slug"]%> <%=user["display"]%></option>
     8:             <%=obtenerTemperatura(user["lat"],user["long"])%>
     9:         <%i=i+1%>
    10:         <%end%>
    11: </select>
  
app/views/inicio/consumirApiReservamos.html.erb:8
app/views/inicio/consumirApiReservamos.html.erb:6

Information for cause: NoMethodError (undefined method `obtenerTemperatura' for an instance of #<Class:0x0000027d986a2f80>):
  
app/views/inicio/consumirApiReservamos.html.erb:8
app/views/inicio/consumirApiReservamos.html.erb:6
Started GET "/inicio/consumirApiReservamos" for 127.0.0.1 at 2025-03-26 03:12:37 -0600
Processing by InicioController#consumirApiReservamos as HTML
Completed 500 Internal Server Error in 519ms (ActiveRecord: 0.0ms (0 queries, 0 cached) | GC: 0.0ms)


  
ArgumentError (wrong number of arguments (given 1, expected 2)):
  
app/controllers/inicio_controller.rb:24:in `obtenerTemperatura'
app/controllers/inicio_controller.rb:26:in `obtenerTemperatura'
app/controllers/inicio_controller.rb:16:in `consumirApiReservamos'
Started GET "/inicio/consumirApiReservamos" for 127.0.0.1 at 2025-03-26 03:13:12 -0600
Processing by InicioController#consumirApiReservamos as HTML
Completed 500 Internal Server Error in 442ms (ActiveRecord: 0.0ms (0 queries, 0 cached) | GC: 0.0ms)


  
ArgumentError (wrong number of arguments (given 1, expected 2)):
  
app/controllers/inicio_controller.rb:25:in `obtenerTemperatura'
app/controllers/inicio_controller.rb:27:in `obtenerTemperatura'
app/controllers/inicio_controller.rb:17:in `consumirApiReservamos'
Started GET "/inicio/consumirApiReservamos" for 127.0.0.1 at 2025-03-26 03:13:43 -0600
  
SyntaxError (V:/Ruby/Reservamos/proyecto/app/controllers/inicio_controller.rb:23: formal argument cannot be an instance variable
... obtenerTemperatura(@meteoroLat,@meteoroLong)
...                    ^~~~~~~~~~~
V:/Ruby/Reservamos/proyecto/app/controllers/inicio_controller.rb:23: formal argument cannot be an instance variable
...ratura(@meteoroLat,@meteoroLong)
...                   ^~~~~~~~~~~~
):
  
app/controllers/inicio_controller.rb:23: formal argument cannot be an instance variable
app/controllers/inicio_controller.rb:23: formal argument cannot be an instance variable
Started GET "/inicio/consumirApiReservamos" for 127.0.0.1 at 2025-03-26 03:14:14 -0600
Processing by InicioController#consumirApiReservamos as HTML
Completed 500 Internal Server Error in 432ms (ActiveRecord: 0.0ms (0 queries, 0 cached) | GC: 0.0ms)


  
ArgumentError (wrong number of arguments (given 1, expected 2)):
  
app/controllers/inicio_controller.rb:23:in `obtenerTemperatura'
app/controllers/inicio_controller.rb:25:in `obtenerTemperatura'
app/controllers/inicio_controller.rb:15:in `consumirApiReservamos'
Started GET "/inicio/consumirApiReservamos" for 127.0.0.1 at 2025-03-26 03:15:03 -0600
Processing by InicioController#consumirApiReservamos as HTML
Completed 500 Internal Server Error in 503ms (ActiveRecord: 0.0ms (0 queries, 0 cached) | GC: 0.0ms)


  
ArgumentError (wrong number of arguments (given 1, expected 2)):
  
app/controllers/inicio_controller.rb:23:in `obtenerTemperatura'
app/controllers/inicio_controller.rb:25:in `obtenerTemperatura'
app/controllers/inicio_controller.rb:15:in `consumirApiReservamos'
Started POST "/__web_console/repl_sessions/445c6cf93e4e24f8f2ee347af476e382/trace" for 127.0.0.1 at 2025-03-26 03:17:06 -0600
Started POST "/__web_console/repl_sessions/445c6cf93e4e24f8f2ee347af476e382/trace" for 127.0.0.1 at 2025-03-26 03:17:13 -0600
Started POST "/__web_console/repl_sessions/445c6cf93e4e24f8f2ee347af476e382/trace" for 127.0.0.1 at 2025-03-26 03:17:16 -0600
Started POST "/__web_console/repl_sessions/445c6cf93e4e24f8f2ee347af476e382/trace" for 127.0.0.1 at 2025-03-26 03:17:19 -0600
Started POST "/__web_console/repl_sessions/445c6cf93e4e24f8f2ee347af476e382/trace" for 127.0.0.1 at 2025-03-26 03:17:22 -0600
Started POST "/__web_console/repl_sessions/445c6cf93e4e24f8f2ee347af476e382/trace" for 127.0.0.1 at 2025-03-26 03:17:23 -0600
Started POST "/__web_console/repl_sessions/445c6cf93e4e24f8f2ee347af476e382/trace" for 127.0.0.1 at 2025-03-26 03:17:24 -0600
Started POST "/__web_console/repl_sessions/445c6cf93e4e24f8f2ee347af476e382/trace" for 127.0.0.1 at 2025-03-26 03:17:25 -0600
Started GET "/inicio/consumirApiReservamos" for 127.0.0.1 at 2025-03-26 03:18:40 -0600
Processing by InicioController#consumirApiReservamos as HTML
Completed 500 Internal Server Error in 559ms (ActiveRecord: 0.0ms (0 queries, 0 cached) | GC: 0.0ms)


  
ArgumentError (wrong number of arguments (given 1, expected 2)):
  
app/controllers/inicio_controller.rb:25:in `obtenerTemperatura'
app/controllers/inicio_controller.rb:27:in `obtenerTemperatura'
app/controllers/inicio_controller.rb:17:in `consumirApiReservamos'
Started GET "/favicon.ico" for 127.0.0.1 at 2025-03-26 03:18:41 -0600
  
ActionController::RoutingError (No route matches [GET] "/favicon.ico"):
  
Started GET "/inicio/consumirApiReservamos" for 127.0.0.1 at 2025-03-26 03:19:07 -0600
Processing by InicioController#consumirApiReservamos as HTML
  Rendering layout layouts/application.html.erb
  Rendering inicio/consumirApiReservamos.html.erb within layouts/application
  Rendered inicio/consumirApiReservamos.html.erb within layouts/application (Duration: 1.0ms | GC: 0.0ms)
  Rendered layout layouts/application.html.erb (Duration: 1.4ms | GC: 0.0ms)
Completed 500 Internal Server Error in 437ms (ActiveRecord: 0.0ms (0 queries, 0 cached) | GC: 0.0ms)


  
ActionView::Template::Error (undefined method `each' for nil)
Caused by: NoMethodError (undefined method `each' for nil)

Information for: ActionView::Template::Error (undefined method `each' for nil):
    12: </select>
    13: 
    14: <div class="alert alert-primary" role="alert">
    15:     <%=@temperatura.each do |temp|%>
    16:     temperatura: <%=temp["main"]["temp_min"]%>
    17:     <%end%>
    18: </div>
  
app/views/inicio/consumirApiReservamos.html.erb:15

Information for cause: NoMethodError (undefined method `each' for nil):
  
app/views/inicio/consumirApiReservamos.html.erb:15
Started GET "/favicon.ico" for 127.0.0.1 at 2025-03-26 03:19:08 -0600
  
ActionController::RoutingError (No route matches [GET] "/favicon.ico"):
  
Started GET "/inicio/consumirApiReservamos" for 127.0.0.1 at 2025-03-26 03:20:25 -0600
Processing by InicioController#consumirApiReservamos as HTML
  Rendering layout layouts/application.html.erb
  Rendering inicio/consumirApiReservamos.html.erb within layouts/application
  Rendered inicio/consumirApiReservamos.html.erb within layouts/application (Duration: 0.8ms | GC: 0.0ms)
  Rendered layout layouts/application.html.erb (Duration: 3.3ms | GC: 0.0ms)
Completed 200 OK in 442ms (Views: 6.5ms | ActiveRecord: 0.0ms (0 queries, 0 cached) | GC: 0.0ms)


Started GET "/assets/application-b6d2831b.js" for 127.0.0.1 at 2025-03-26 03:20:25 -0600
Started GET "/inicio/consumirApiReservamos" for 127.0.0.1 at 2025-03-26 03:20:46 -0600
Processing by InicioController#consumirApiReservamos as HTML
  Rendering layout layouts/application.html.erb
  Rendering inicio/consumirApiReservamos.html.erb within layouts/application
  Rendered inicio/consumirApiReservamos.html.erb within layouts/application (Duration: 0.9ms | GC: 0.0ms)
  Rendered layout layouts/application.html.erb (Duration: 2.8ms | GC: 0.0ms)
Completed 200 OK in 481ms (Views: 3.2ms | ActiveRecord: 0.0ms (0 queries, 0 cached) | GC: 0.0ms)


Started GET "/inicio/consumirApiReservamos" for 127.0.0.1 at 2025-03-26 03:20:49 -0600
Processing by InicioController#consumirApiReservamos as HTML
  Rendering layout layouts/application.html.erb
  Rendering inicio/consumirApiReservamos.html.erb within layouts/application
  Rendered inicio/consumirApiReservamos.html.erb within layouts/application (Duration: 0.4ms | GC: 0.0ms)
  Rendered layout layouts/application.html.erb (Duration: 1.3ms | GC: 0.0ms)
Completed 200 OK in 407ms (Views: 1.8ms | ActiveRecord: 0.0ms (0 queries, 0 cached) | GC: 0.0ms)


Started GET "/inicio/consumirApiReservamos" for 127.0.0.1 at 2025-03-26 03:21:32 -0600
Processing by InicioController#consumirApiReservamos as HTML
  Rendering layout layouts/application.html.erb
  Rendering inicio/consumirApiReservamos.html.erb within layouts/application
  Rendered inicio/consumirApiReservamos.html.erb within layouts/application (Duration: 4.1ms | GC: 0.0ms)
  Rendered layout layouts/application.html.erb (Duration: 4.5ms | GC: 0.0ms)
Completed 500 Internal Server Error in 456ms (ActiveRecord: 0.0ms (0 queries, 0 cached) | GC: 0.0ms)


  
ActionView::Template::Error (undefined local variable or method `user' for an instance of #<Class:0x0000027d9bb4a968>)
Caused by: NameError (undefined local variable or method `user' for an instance of #<Class:0x0000027d9bb4a968>)

Information for: ActionView::Template::Error (undefined local variable or method `user' for an instance of #<Class:0x0000027d9bb4a968>):
    13: 
    14: 
    15: <div class="alert alert-primary" role="alert">
    16:     <%=user["lat"]%>
    17: </div>
    18: 
    19: 
  
app/views/inicio/consumirApiReservamos.html.erb:16

Information for cause: NameError (undefined local variable or method `user' for an instance of #<Class:0x0000027d9bb4a968>):
  
app/views/inicio/consumirApiReservamos.html.erb:16
Started GET "/favicon.ico" for 127.0.0.1 at 2025-03-26 03:21:33 -0600
  
ActionController::RoutingError (No route matches [GET] "/favicon.ico"):
  
Started GET "/inicio/consumirApiReservamos" for 127.0.0.1 at 2025-03-26 03:21:49 -0600
Processing by InicioController#consumirApiReservamos as HTML
  Rendering layout layouts/application.html.erb
  Rendering inicio/consumirApiReservamos.html.erb within layouts/application
  Rendered inicio/consumirApiReservamos.html.erb within layouts/application (Duration: 0.7ms | GC: 0.0ms)
  Rendered layout layouts/application.html.erb (Duration: 3.1ms | GC: 0.0ms)
Completed 200 OK in 457ms (Views: 5.7ms | ActiveRecord: 0.0ms (0 queries, 0 cached) | GC: 0.0ms)


Started GET "/inicio/consumirApiReservamos" for 127.0.0.1 at 2025-03-26 03:22:08 -0600
Processing by InicioController#consumirApiReservamos as HTML
  Rendering layout layouts/application.html.erb
  Rendering inicio/consumirApiReservamos.html.erb within layouts/application
  Rendered inicio/consumirApiReservamos.html.erb within layouts/application (Duration: 0.7ms | GC: 0.0ms)
  Rendered layout layouts/application.html.erb (Duration: 4.9ms | GC: 0.0ms)
Completed 200 OK in 442ms (Views: 8.4ms | ActiveRecord: 0.0ms (0 queries, 0 cached) | GC: 0.0ms)


Started GET "/inicio/consumirApiReservamos" for 127.0.0.1 at 2025-03-26 03:23:04 -0600
Processing by InicioController#consumirApiReservamos as HTML
  Rendering layout layouts/application.html.erb
  Rendering inicio/consumirApiReservamos.html.erb within layouts/application
  Rendered inicio/consumirApiReservamos.html.erb within layouts/application (Duration: 0.8ms | GC: 0.0ms)
  Rendered layout layouts/application.html.erb (Duration: 3.7ms | GC: 0.0ms)
Completed 200 OK in 465ms (Views: 7.9ms | ActiveRecord: 0.0ms (0 queries, 0 cached) | GC: 0.0ms)


Started GET "/inicio/consumirApiReservamos" for 127.0.0.1 at 2025-03-26 03:23:21 -0600
Processing by InicioController#consumirApiReservamos as HTML
  Rendering layout layouts/application.html.erb
  Rendering inicio/consumirApiReservamos.html.erb within layouts/application
  Rendered inicio/consumirApiReservamos.html.erb within layouts/application (Duration: 1.0ms | GC: 0.0ms)
  Rendered layout layouts/application.html.erb (Duration: 4.0ms | GC: 0.0ms)
Completed 200 OK in 513ms (Views: 9.4ms | ActiveRecord: 0.0ms (0 queries, 0 cached) | GC: 0.0ms)


Started GET "/inicio/consumirApiReservamos" for 127.0.0.1 at 2025-03-26 03:23:52 -0600
Processing by InicioController#consumirApiReservamos as HTML
  Rendering layout layouts/application.html.erb
  Rendering inicio/consumirApiReservamos.html.erb within layouts/application
  Rendered inicio/consumirApiReservamos.html.erb within layouts/application (Duration: 0.8ms | GC: 0.0ms)
  Rendered layout layouts/application.html.erb (Duration: 4.0ms | GC: 0.0ms)
Completed 200 OK in 528ms (Views: 6.6ms | ActiveRecord: 0.0ms (0 queries, 0 cached) | GC: 0.0ms)


Started GET "/inicio/consumirApiReservamos" for 127.0.0.1 at 2025-03-26 03:24:28 -0600
Processing by InicioController#consumirApiReservamos as HTML
  Rendering layout layouts/application.html.erb
  Rendering inicio/consumirApiReservamos.html.erb within layouts/application
  Rendered inicio/consumirApiReservamos.html.erb within layouts/application (Duration: 0.8ms | GC: 0.0ms)
  Rendered layout layouts/application.html.erb (Duration: 1.2ms | GC: 0.0ms)
Completed 500 Internal Server Error in 474ms (ActiveRecord: 0.0ms (0 queries, 0 cached) | GC: 0.0ms)


  
ActionView::SyntaxErrorInTemplate (Encountered a syntax error while rendering template: check 

<select id="sEstadoSeleccionado" class="form-select" aria-label="Default select example">
    <option selected>Seleccione el Lugar</option>
        <%= i=1 %>
        <%= @Lugares.each do |user|%>
            <option value="<%i%>"><%=user["city_slug"]%> <%=user["display"]%></option>
            <%= @meteoroLat=user["lat"]%>
            <%= @meteoroLong=user["long"]%>
        <%=i=i+1%>
        <%=end%>
</select>


<div class="alert alert-primary" role="alert">
    <%=@meteoroLat%>
    <%=@meteoroLong%>
</div>





        
)
Caused by: ActiveSupport::SyntaxErrorProxy (V:/Ruby/Reservamos/proyecto/app/views/inicio/consumirApiReservamos.html.erb:11: syntax error, unexpected `end'
...eze; @output_buffer.append=(end); @output_buffer.safe_append...
...                            ^~~
V:/Ruby/Reservamos/proyecto/app/views/inicio/consumirApiReservamos.html.erb:26: syntax error, unexpected end-of-input, expecting `end' or dummy end
          end
             ^
)

Information for: ActionView::SyntaxErrorInTemplate (Encountered a syntax error while rendering template: check 

<select id="sEstadoSeleccionado" class="form-select" aria-label="Default select example">
    <option selected>Seleccione el Lugar</option>
        <%= i=1 %>
        <%= @Lugares.each do |user|%>
            <option value="<%i%>"><%=user["city_slug"]%> <%=user["display"]%></option>
            <%= @meteoroLat=user["lat"]%>
            <%= @meteoroLong=user["long"]%>
        <%=i=i+1%>
        <%=end%>
</select>


<div class="alert alert-primary" role="alert">
    <%=@meteoroLat%>
    <%=@meteoroLong%>
</div>





        
):
1:    
2:    
3:    <select id="sEstadoSeleccionado" class="form-select" aria-label="Default select example">
4:        <option selected>Seleccione el Lugar</option>
5:            <%= i=1 %>
6:            <%= @Lugares.each do |user|%>
7:                <option value="<%i%>"><%=user["city_slug"]%> <%=user["display"]%></option>
8:                <%= @meteoroLat=user["lat"]%>
9:                <%= @meteoroLong=user["long"]%>
10:            <%=i=i+1%>
11:            <%=end%>
12:    </select>
13:    
14:    
15:    <div class="alert alert-primary" role="alert">
16:        <%=@meteoroLat%>
17:        <%=@meteoroLong%>
18:    </div>
19:    
20:    
21:    
22:    
23:    
24:            
  
app/views/inicio/consumirApiReservamos.html.erb:11: syntax error, unexpected `end'
app/views/inicio/consumirApiReservamos.html.erb:26: syntax error, unexpected end-of-input, expecting `end' or dummy end

Information for cause: ActiveSupport::SyntaxErrorProxy (V:/Ruby/Reservamos/proyecto/app/views/inicio/consumirApiReservamos.html.erb:11: syntax error, unexpected `end'
...eze; @output_buffer.append=(end); @output_buffer.safe_append...
...                            ^~~
V:/Ruby/Reservamos/proyecto/app/views/inicio/consumirApiReservamos.html.erb:26: syntax error, unexpected end-of-input, expecting `end' or dummy end
          end
             ^
):
  
app/views/inicio/consumirApiReservamos.html.erb:11: syntax error, unexpected `end'
app/views/inicio/consumirApiReservamos.html.erb:26: syntax error, unexpected end-of-input, expecting `end' or dummy end
Started GET "/favicon.ico" for 127.0.0.1 at 2025-03-26 03:24:29 -0600
  
ActionController::RoutingError (No route matches [GET] "/favicon.ico"):
  
Started GET "/inicio/consumirApiReservamos" for 127.0.0.1 at 2025-03-26 03:24:42 -0600
Processing by InicioController#consumirApiReservamos as HTML
  Rendering layout layouts/application.html.erb
  Rendering inicio/consumirApiReservamos.html.erb within layouts/application
  Rendered inicio/consumirApiReservamos.html.erb within layouts/application (Duration: 1.1ms | GC: 0.0ms)
  Rendered layout layouts/application.html.erb (Duration: 3.6ms | GC: 0.0ms)
Completed 200 OK in 463ms (Views: 6.7ms | ActiveRecord: 0.0ms (0 queries, 0 cached) | GC: 0.0ms)


Started GET "/inicio/consumirApiReservamos" for 127.0.0.1 at 2025-03-26 03:25:28 -0600
Processing by InicioController#consumirApiReservamos as HTML
Completed 500 Internal Server Error in 479ms (ActiveRecord: 0.0ms (0 queries, 0 cached) | GC: 0.0ms)


  
ArgumentError (wrong number of arguments (given 1, expected 2)):
  
app/controllers/inicio_controller.rb:25:in `obtenerTemperatura'
app/controllers/inicio_controller.rb:27:in `obtenerTemperatura'
app/controllers/inicio_controller.rb:17:in `consumirApiReservamos'
Started GET "/inicio/consumirApiReservamos" for 127.0.0.1 at 2025-03-26 03:25:37 -0600
Processing by InicioController#consumirApiReservamos as HTML
  Rendering layout layouts/application.html.erb
  Rendering inicio/consumirApiReservamos.html.erb within layouts/application
  Rendered inicio/consumirApiReservamos.html.erb within layouts/application (Duration: 1.2ms | GC: 0.0ms)
  Rendered layout layouts/application.html.erb (Duration: 3.9ms | GC: 0.0ms)
Completed 200 OK in 448ms (Views: 6.6ms | ActiveRecord: 0.0ms (0 queries, 0 cached) | GC: 0.0ms)


Started GET "/assets/controllers/application-3affb389.js" for 127.0.0.1 at 2025-03-26 03:26:12 -0600
Started GET "/assets/controllers/index-ee64e1f1.js" for 127.0.0.1 at 2025-03-26 03:26:12 -0600
Started GET "/inicio/consumirApiReservamos" for 127.0.0.1 at 2025-03-26 03:26:12 -0600
Processing by InicioController#consumirApiReservamos as */*
  Rendering layout layouts/application.html.erb
  Rendering inicio/consumirApiReservamos.html.erb within layouts/application
  Rendered inicio/consumirApiReservamos.html.erb within layouts/application (Duration: 1.3ms | GC: 0.0ms)
  Rendered layout layouts/application.html.erb (Duration: 2.3ms | GC: 0.0ms)
Completed 200 OK in 438ms (Views: 2.8ms | ActiveRecord: 0.0ms (0 queries, 0 cached) | GC: 0.0ms)


Started GET "/inicio/consumirApiReservamos" for 127.0.0.1 at 2025-03-26 03:30:21 -0600
Processing by InicioController#consumirApiReservamos as HTML
Completed 500 Internal Server Error in 541ms (ActiveRecord: 0.0ms (0 queries, 0 cached) | GC: 0.0ms)


  
URI::InvalidURIError (bad URI (is not URI?): "https://api.openweathermap.org/data/2.5/weather?lat=\#{meteoroLat}&lon\#{meteoroLong}=&appid=d50bae20e57497c69b5dc377930ca2ba"):
  
app/controllers/inicio_controller.rb:31:in `obtenerTemperatura'
app/controllers/inicio_controller.rb:27:in `consumirTemperatura'
app/controllers/inicio_controller.rb:17:in `consumirApiReservamos'
Started GET "/inicio/consumirApiReservamos" for 127.0.0.1 at 2025-03-26 03:31:52 -0600
  
SyntaxError (V:/Ruby/Reservamos/proyecto/app/controllers/inicio_controller.rb:26: syntax error, unexpected '{', expecting `end' or dummy end
...map.org/data/2.5/weather?lat='{meteoroLat}'&lon'{meteoroLong...
...                              ^
):
  
app/controllers/inicio_controller.rb:26: syntax error, unexpected '{', expecting `end' or dummy end
Started GET "/inicio/consumirApiReservamos" for 127.0.0.1 at 2025-03-26 03:32:19 -0600
Processing by InicioController#consumirApiReservamos as HTML
Completed 500 Internal Server Error in 437ms (ActiveRecord: 0.0ms (0 queries, 0 cached) | GC: 0.0ms)


  
TypeError (no implicit conversion of Integer into String):
  
app/controllers/inicio_controller.rb:26:in `+'
app/controllers/inicio_controller.rb:26:in `consumirTemperatura'
app/controllers/inicio_controller.rb:17:in `consumirApiReservamos'
Started GET "/inicio/consumirApiReservamos" for 127.0.0.1 at 2025-03-26 03:35:03 -0600
Processing by InicioController#consumirApiReservamos as HTML
Completed 500 Internal Server Error in 467ms (ActiveRecord: 0.0ms (0 queries, 0 cached) | GC: 0.0ms)


  
URI::InvalidURIError (bad URI (is not URI?): "https://api.openweathermap.org/data/2.5/weather?lat=\#{meteoroLat}&lon\#{meteoroLong}=&appid=d50bae20e57497c69b5dc377930ca2ba"):
  
app/controllers/inicio_controller.rb:26:in `obtenerTemperatura'
app/controllers/inicio_controller.rb:17:in `consumirApiReservamos'
Started GET "/inicio/consumirApiReservamos" for 127.0.0.1 at 2025-03-26 03:37:09 -0600
Processing by InicioController#consumirApiReservamos as HTML
Completed 500 Internal Server Error in 513ms (ActiveRecord: 0.0ms (0 queries, 0 cached) | GC: 0.0ms)


  
TypeError (no implicit conversion of Integer into String):
  
app/controllers/inicio_controller.rb:26:in `+'
app/controllers/inicio_controller.rb:26:in `obtenerTemperatura'
app/controllers/inicio_controller.rb:17:in `consumirApiReservamos'
Started GET "/inicio/consumirApiReservamos" for 127.0.0.1 at 2025-03-26 03:38:22 -0600
Processing by InicioController#consumirApiReservamos as HTML
Completed 500 Internal Server Error in 500ms (ActiveRecord: 0.0ms (0 queries, 0 cached) | GC: 0.0ms)


  
TypeError (no implicit conversion of Integer into String):
  
app/controllers/inicio_controller.rb:26:in `+'
app/controllers/inicio_controller.rb:26:in `obtenerTemperatura'
app/controllers/inicio_controller.rb:17:in `consumirApiReservamos'
Started GET "/inicio/consumirApiReservamos" for 127.0.0.1 at 2025-03-26 03:39:14 -0600
Processing by InicioController#consumirApiReservamos as HTML
Completed 500 Internal Server Error in 426ms (ActiveRecord: 0.0ms (0 queries, 0 cached) | GC: 0.0ms)


  
TypeError (no implicit conversion of nil into String):
  
app/controllers/inicio_controller.rb:26:in `obtenerTemperatura'
app/controllers/inicio_controller.rb:17:in `consumirApiReservamos'
Started GET "/inicio/consumirApiReservamos" for 127.0.0.1 at 2025-03-26 03:39:37 -0600
Processing by InicioController#consumirApiReservamos as HTML
Completed 500 Internal Server Error in 429ms (ActiveRecord: 0.0ms (0 queries, 0 cached) | GC: 0.0ms)


  
TypeError (no implicit conversion of nil into String):
  
app/controllers/inicio_controller.rb:26:in `obtenerTemperatura'
app/controllers/inicio_controller.rb:17:in `consumirApiReservamos'
Started GET "/inicio/consumirApiReservamos" for 127.0.0.1 at 2025-03-26 03:40:38 -0600
Processing by InicioController#consumirApiReservamos as HTML
Completed 500 Internal Server Error in 441ms (ActiveRecord: 0.0ms (0 queries, 0 cached) | GC: 0.0ms)


  
URI::InvalidURIError (bad URI (is not URI?): "https://api.openweathermap.org/data/2.5/weather?lat=\#{meteoroLat}&lon=\#{meteoroLong}=&appid=d50bae20e57497c69b5dc377930ca2ba"):
  
app/controllers/inicio_controller.rb:27:in `obtenerTemperatura'
app/controllers/inicio_controller.rb:17:in `consumirApiReservamos'
Started GET "/inicio/consumirApiReservamos" for 127.0.0.1 at 2025-03-26 03:43:42 -0600
Processing by InicioController#consumirApiReservamos as HTML
Completed 500 Internal Server Error in 511ms (ActiveRecord: 0.0ms (0 queries, 0 cached) | GC: 0.0ms)


  
NoMethodError (undefined method `concat' for nil):
  
app/controllers/inicio_controller.rb:26:in `obtenerTemperatura'
app/controllers/inicio_controller.rb:17:in `consumirApiReservamos'
Started GET "/favicon.ico" for 127.0.0.1 at 2025-03-26 03:43:42 -0600
  
ActionController::RoutingError (No route matches [GET] "/favicon.ico"):
  
Started GET "/inicio/consumirApiReservamos" for 127.0.0.1 at 2025-03-26 03:44:02 -0600
Processing by InicioController#consumirApiReservamos as HTML
Completed 500 Internal Server Error in 437ms (ActiveRecord: 0.0ms (0 queries, 0 cached) | GC: 0.0ms)


  
NoMethodError (undefined method `concat' for nil):
  
app/controllers/inicio_controller.rb:26:in `obtenerTemperatura'
app/controllers/inicio_controller.rb:17:in `consumirApiReservamos'
Started GET "/inicio/consumirApiReservamos" for 127.0.0.1 at 2025-03-26 03:45:17 -0600
Processing by InicioController#consumirApiReservamos as HTML
Completed 500 Internal Server Error in 465ms (ActiveRecord: 0.0ms (0 queries, 0 cached) | GC: 0.0ms)


  
NoMethodError (undefined method `concat' for nil):
  
app/controllers/inicio_controller.rb:26:in `obtenerTemperatura'
app/controllers/inicio_controller.rb:17:in `consumirApiReservamos'
Started GET "/inicio/consumirApiReservamos" for 127.0.0.1 at 2025-03-26 03:45:52 -0600
Processing by InicioController#consumirApiReservamos as HTML
  Rendering layout layouts/application.html.erb
  Rendering inicio/consumirApiReservamos.html.erb within layouts/application
  Rendered inicio/consumirApiReservamos.html.erb within layouts/application (Duration: 1.1ms | GC: 0.0ms)
  Rendered layout layouts/application.html.erb (Duration: 3.5ms | GC: 0.0ms)
Completed 200 OK in 470ms (Views: 7.3ms | ActiveRecord: 0.0ms (0 queries, 0 cached) | GC: 0.0ms)


Started GET "/inicio/consumirApiReservamos" for 127.0.0.1 at 2025-03-26 03:46:03 -0600
Processing by InicioController#consumirApiReservamos as HTML
  Rendering layout layouts/application.html.erb
  Rendering inicio/consumirApiReservamos.html.erb within layouts/application
  Rendered inicio/consumirApiReservamos.html.erb within layouts/application (Duration: 5.6ms | GC: 0.0ms)
  Rendered layout layouts/application.html.erb (Duration: 7.6ms | GC: 0.0ms)
Completed 200 OK in 502ms (Views: 8.2ms | ActiveRecord: 0.0ms (0 queries, 0 cached) | GC: 0.0ms)


Started GET "/inicio/consumirApiReservamos" for 127.0.0.1 at 2025-03-26 03:46:06 -0600
Processing by InicioController#consumirApiReservamos as HTML
  Rendering layout layouts/application.html.erb
  Rendering inicio/consumirApiReservamos.html.erb within layouts/application
  Rendered inicio/consumirApiReservamos.html.erb within layouts/application (Duration: 1.6ms | GC: 0.0ms)
  Rendered layout layouts/application.html.erb (Duration: 2.6ms | GC: 0.0ms)
Completed 200 OK in 438ms (Views: 3.0ms | ActiveRecord: 0.0ms (0 queries, 0 cached) | GC: 0.0ms)


Started GET "/inicio/consumirApiReservamos" for 127.0.0.1 at 2025-03-26 03:46:53 -0600
Processing by InicioController#consumirApiReservamos as HTML
  Rendering layout layouts/application.html.erb
  Rendering inicio/consumirApiReservamos.html.erb within layouts/application
  Rendered inicio/consumirApiReservamos.html.erb within layouts/application (Duration: 0.9ms | GC: 0.0ms)
  Rendered layout layouts/application.html.erb (Duration: 1.3ms | GC: 0.0ms)
Completed 500 Internal Server Error in 473ms (ActiveRecord: 0.0ms (0 queries, 0 cached) | GC: 0.0ms)


  
ActionView::Template::Error (undefined local variable or method `i' for an instance of #<Class:0x0000027d9bea4438>)
Caused by: NameError (undefined local variable or method `i' for an instance of #<Class:0x0000027d9bea4438>)

Information for: ActionView::Template::Error (undefined local variable or method `i' for an instance of #<Class:0x0000027d9bea4438>):
    4:     <option selected>Seleccione el Lugar</option>
    5:         
    6:         <%= @Lugares.each do |user|%>
    7:             <option value="<%i%>"><%=user["city_slug"]%> <%=user["display"]%></option>
    8:             <%= @meteoroLat=user["lat"]%>
    9:             <%= @meteoroLong=user["long"]%>
   10:         
  
app/views/inicio/consumirApiReservamos.html.erb:7
app/views/inicio/consumirApiReservamos.html.erb:6

Information for cause: NameError (undefined local variable or method `i' for an instance of #<Class:0x0000027d9bea4438>):
  
app/views/inicio/consumirApiReservamos.html.erb:7
app/views/inicio/consumirApiReservamos.html.erb:6
Started GET "/inicio/consumirApiReservamos" for 127.0.0.1 at 2025-03-26 03:47:08 -0600
Processing by InicioController#consumirApiReservamos as HTML
  Rendering layout layouts/application.html.erb
  Rendering inicio/consumirApiReservamos.html.erb within layouts/application
  Rendered inicio/consumirApiReservamos.html.erb within layouts/application (Duration: 1.6ms | GC: 0.0ms)
  Rendered layout layouts/application.html.erb (Duration: 4.1ms | GC: 0.0ms)
Completed 200 OK in 448ms (Views: 7.4ms | ActiveRecord: 0.0ms (0 queries, 0 cached) | GC: 0.0ms)


Started GET "/inicio/consumirApiReservamos" for 127.0.0.1 at 2025-03-26 03:47:15 -0600
Processing by InicioController#consumirApiReservamos as HTML
  Rendering layout layouts/application.html.erb
  Rendering inicio/consumirApiReservamos.html.erb within layouts/application
  Rendered inicio/consumirApiReservamos.html.erb within layouts/application (Duration: 1.2ms | GC: 0.0ms)
  Rendered layout layouts/application.html.erb (Duration: 2.2ms | GC: 0.0ms)
Completed 200 OK in 422ms (Views: 2.8ms | ActiveRecord: 0.0ms (0 queries, 0 cached) | GC: 0.0ms)


Started GET "/inicio/consumirApiReservamos" for 127.0.0.1 at 2025-03-26 03:48:13 -0600
Processing by InicioController#consumirApiReservamos as HTML
  Rendering layout layouts/application.html.erb
  Rendering inicio/consumirApiReservamos.html.erb within layouts/application
  Rendered inicio/consumirApiReservamos.html.erb within layouts/application (Duration: 0.8ms | GC: 0.0ms)
  Rendered layout layouts/application.html.erb (Duration: 1.2ms | GC: 0.0ms)
Completed 500 Internal Server Error in 425ms (ActiveRecord: 0.0ms (0 queries, 0 cached) | GC: 0.0ms)


  
ActionView::SyntaxErrorInTemplate (Encountered a syntax error while rendering template: check 

<select id="sEstadoSeleccionado" class="form-select" aria-label="Default select example">
    <option selected>Seleccione el Lugar</option>
        <%= i=1 %>
        <%= @Lugares.each do |user|%>
            <option value="<%i%>"><%=user["city_slug"]%> <%=user["display"]%></option>
            <%= @meteoroLat=user["lat"]%>
            <%= @meteoroLong=user["long"]%>
    <%=@meteoroLat%>
            <%=@%>
        <%=i=i+1%>
        <%end%>
</select>


<div class="alert alert-primary" role="alert">
    <%=@meteoroLat%>
    <%=@meteoroLong%>
</div>





        
)
Caused by: ActiveSupport::SyntaxErrorProxy (V:/Ruby/Reservamos/proyecto/app/views/inicio/consumirApiReservamos.html.erb:11: `@' without identifiers is not allowed as an instance variable name
...reeze; @output_buffer.append=(@); @output_buffer.safe_append...
...                              ^
)

Information for: ActionView::SyntaxErrorInTemplate (Encountered a syntax error while rendering template: check 

<select id="sEstadoSeleccionado" class="form-select" aria-label="Default select example">
    <option selected>Seleccione el Lugar</option>
        <%= i=1 %>
        <%= @Lugares.each do |user|%>
            <option value="<%i%>"><%=user["city_slug"]%> <%=user["display"]%></option>
            <%= @meteoroLat=user["lat"]%>
            <%= @meteoroLong=user["long"]%>
    <%=@meteoroLat%>
            <%=@%>
        <%=i=i+1%>
        <%end%>
</select>


<div class="alert alert-primary" role="alert">
    <%=@meteoroLat%>
    <%=@meteoroLong%>
</div>





        
):
1:    
2:    
3:    <select id="sEstadoSeleccionado" class="form-select" aria-label="Default select example">
4:        <option selected>Seleccione el Lugar</option>
5:            <%= i=1 %>
6:            <%= @Lugares.each do |user|%>
7:                <option value="<%i%>"><%=user["city_slug"]%> <%=user["display"]%></option>
8:                <%= @meteoroLat=user["lat"]%>
9:                <%= @meteoroLong=user["long"]%>
10:        <%=@meteoroLat%>
11:                <%=@%>
12:            <%=i=i+1%>
13:            <%end%>
14:    </select>
15:    
16:    
17:    <div class="alert alert-primary" role="alert">
18:        <%=@meteoroLat%>
19:        <%=@meteoroLong%>
20:    </div>
21:    
22:    
23:    
24:    
25:    
26:            
  
app/views/inicio/consumirApiReservamos.html.erb:11: `@' without identifiers is not allowed as an instance variable name

Information for cause: ActiveSupport::SyntaxErrorProxy (V:/Ruby/Reservamos/proyecto/app/views/inicio/consumirApiReservamos.html.erb:11: `@' without identifiers is not allowed as an instance variable name
...reeze; @output_buffer.append=(@); @output_buffer.safe_append...
...                              ^
):
  
app/views/inicio/consumirApiReservamos.html.erb:11: `@' without identifiers is not allowed as an instance variable name
Started GET "/inicio/consumirApiReservamos" for 127.0.0.1 at 2025-03-26 03:48:31 -0600
Processing by InicioController#consumirApiReservamos as HTML
  Rendering layout layouts/application.html.erb
  Rendering inicio/consumirApiReservamos.html.erb within layouts/application
  Rendered inicio/consumirApiReservamos.html.erb within layouts/application (Duration: 1.3ms | GC: 0.0ms)
  Rendered layout layouts/application.html.erb (Duration: 4.1ms | GC: 0.0ms)
Completed 200 OK in 495ms (Views: 7.0ms | ActiveRecord: 0.0ms (0 queries, 0 cached) | GC: 0.0ms)


Started GET "/inicio/consumirApiReservamos" for 127.0.0.1 at 2025-03-26 03:48:42 -0600
Processing by InicioController#consumirApiReservamos as */*
  Rendering layout layouts/application.html.erb
  Rendering inicio/consumirApiReservamos.html.erb within layouts/application
  Rendered inicio/consumirApiReservamos.html.erb within layouts/application (Duration: 0.7ms | GC: 0.0ms)
  Rendered layout layouts/application.html.erb (Duration: 1.5ms | GC: 0.0ms)
Completed 200 OK in 523ms (Views: 1.9ms | ActiveRecord: 0.0ms (0 queries, 0 cached) | GC: 0.0ms)


Started GET "/inicio/consumirApiReservamos" for 127.0.0.1 at 2025-03-26 04:00:24 -0600
Processing by InicioController#consumirApiReservamos as HTML
  Rendering layout layouts/application.html.erb
  Rendering inicio/consumirApiReservamos.html.erb within layouts/application
  Rendered inicio/consumirApiReservamos.html.erb within layouts/application (Duration: 1.4ms | GC: 0.0ms)
  Rendered layout layouts/application.html.erb (Duration: 4.2ms | GC: 0.0ms)
Completed 200 OK in 589ms (Views: 6.7ms | ActiveRecord: 0.0ms (0 queries, 0 cached) | GC: 0.0ms)


Started GET "/inicio/consumirApiReservamos" for 127.0.0.1 at 2025-03-26 04:00:52 -0600
Processing by InicioController#consumirApiReservamos as HTML
  Rendering layout layouts/application.html.erb
  Rendering inicio/consumirApiReservamos.html.erb within layouts/application
  Rendered inicio/consumirApiReservamos.html.erb within layouts/application (Duration: 1.2ms | GC: 0.0ms)
  Rendered layout layouts/application.html.erb (Duration: 3.7ms | GC: 0.0ms)
Completed 200 OK in 428ms (Views: 6.3ms | ActiveRecord: 0.0ms (0 queries, 0 cached) | GC: 0.0ms)


Started GET "/inicio/consumirApiReservamos" for 127.0.0.1 at 2025-03-26 04:00:59 -0600
Processing by InicioController#consumirApiReservamos as HTML
  Rendering layout layouts/application.html.erb
  Rendering inicio/consumirApiReservamos.html.erb within layouts/application
  Rendered inicio/consumirApiReservamos.html.erb within layouts/application (Duration: 1.2ms | GC: 0.0ms)
  Rendered layout layouts/application.html.erb (Duration: 1.7ms | GC: 0.0ms)
Completed 500 Internal Server Error in 478ms (ActiveRecord: 0.0ms (0 queries, 0 cached) | GC: 0.0ms)


  
ActionView::Template::Error (undefined local variable or method `meteoroLat' for an instance of #<Class:0x0000027d982f5a18>)
Caused by: NameError (undefined local variable or method `meteoroLat' for an instance of #<Class:0x0000027d982f5a18>)

Information for: ActionView::Template::Error (undefined local variable or method `meteoroLat' for an instance of #<Class:0x0000027d982f5a18>):
    13: 
    14: 
    15: <div class="alert alert-primary" role="alert">
    16:     <%=meteoroLat%>
    17:     <%=meteoroLong%>
    18: </div>
    19: 
  
app/views/inicio/consumirApiReservamos.html.erb:16

Information for cause: NameError (undefined local variable or method `meteoroLat' for an instance of #<Class:0x0000027d982f5a18>):
  
app/views/inicio/consumirApiReservamos.html.erb:16
Started GET "/inicio/consumirApiReservamos" for 127.0.0.1 at 2025-03-26 04:01:16 -0600
Processing by InicioController#consumirApiReservamos as HTML
  Rendering layout layouts/application.html.erb
  Rendering inicio/consumirApiReservamos.html.erb within layouts/application
  Rendered inicio/consumirApiReservamos.html.erb within layouts/application (Duration: 1.2ms | GC: 0.0ms)
  Rendered layout layouts/application.html.erb (Duration: 3.5ms | GC: 0.0ms)
Completed 200 OK in 434ms (Views: 6.4ms | ActiveRecord: 0.0ms (0 queries, 0 cached) | GC: 0.0ms)


Started GET "/inicio/consumirApiReservamos" for 127.0.0.1 at 2025-03-26 04:01:26 -0600
Processing by InicioController#consumirApiReservamos as HTML
  Rendering layout layouts/application.html.erb
  Rendering inicio/consumirApiReservamos.html.erb within layouts/application
  Rendered inicio/consumirApiReservamos.html.erb within layouts/application (Duration: 0.8ms | GC: 0.0ms)
  Rendered layout layouts/application.html.erb (Duration: 1.8ms | GC: 0.0ms)
Completed 200 OK in 436ms (Views: 2.3ms | ActiveRecord: 0.0ms (0 queries, 0 cached) | GC: 0.0ms)


Started GET "/inicio/consumirApiReservamos" for 127.0.0.1 at 2025-03-26 04:01:28 -0600
Processing by InicioController#consumirApiReservamos as HTML
  Rendering layout layouts/application.html.erb
  Rendering inicio/consumirApiReservamos.html.erb within layouts/application
  Rendered inicio/consumirApiReservamos.html.erb within layouts/application (Duration: 1.2ms | GC: 0.0ms)
  Rendered layout layouts/application.html.erb (Duration: 2.2ms | GC: 0.0ms)
Completed 200 OK in 465ms (Views: 2.6ms | ActiveRecord: 0.0ms (0 queries, 0 cached) | GC: 0.0ms)


Started GET "/inicio/consumirApiReservamos" for 127.0.0.1 at 2025-03-26 04:07:32 -0600
Processing by InicioController#consumirApiReservamos as HTML
  Rendering layout layouts/application.html.erb
  Rendering inicio/consumirApiReservamos.html.erb within layouts/application
  Rendered inicio/consumirApiReservamos.html.erb within layouts/application (Duration: 0.9ms | GC: 0.0ms)
  Rendered layout layouts/application.html.erb (Duration: 3.7ms | GC: 0.0ms)
Completed 200 OK in 516ms (Views: 7.4ms | ActiveRecord: 0.0ms (0 queries, 0 cached) | GC: 0.0ms)


Started GET "/inicio/consumirApiReservamos" for 127.0.0.1 at 2025-03-26 04:14:28 -0600
Processing by InicioController#consumirApiReservamos as HTML
  Rendering layout layouts/application.html.erb
  Rendering inicio/consumirApiReservamos.html.erb within layouts/application
  Rendered inicio/consumirApiReservamos.html.erb within layouts/application (Duration: 0.7ms | GC: 0.0ms)
  Rendered layout layouts/application.html.erb (Duration: 4.8ms | GC: 0.0ms)
Completed 200 OK in 530ms (Views: 10.4ms | ActiveRecord: 0.0ms (0 queries, 0 cached) | GC: 0.0ms)


Started GET "/inicio/consumirApiReservamos" for 127.0.0.1 at 2025-03-26 04:23:34 -0600
Processing by InicioController#consumirApiReservamos as HTML
  Rendering layout layouts/application.html.erb
  Rendering inicio/consumirApiReservamos.html.erb within layouts/application
  Rendered inicio/consumirApiReservamos.html.erb within layouts/application (Duration: 0.6ms | GC: 0.0ms)
  Rendered layout layouts/application.html.erb (Duration: 3.0ms | GC: 0.0ms)
Completed 200 OK in 957ms (Views: 5.4ms | ActiveRecord: 0.0ms (0 queries, 0 cached) | GC: 0.0ms)


Started GET "/inicio/consumirApiReservamos" for 127.0.0.1 at 2025-03-26 04:24:34 -0600
Processing by InicioController#consumirApiReservamos as HTML
  Rendering layout layouts/application.html.erb
  Rendering inicio/consumirApiReservamos.html.erb within layouts/application
  Rendered inicio/consumirApiReservamos.html.erb within layouts/application (Duration: 1.2ms | GC: 0.2ms)
  Rendered layout layouts/application.html.erb (Duration: 4.1ms | GC: 0.2ms)
Completed 200 OK in 742ms (Views: 8.8ms | ActiveRecord: 0.0ms (0 queries, 0 cached) | GC: 0.2ms)


Started GET "/inicio/consumirApiReservamos" for 127.0.0.1 at 2025-03-26 04:25:31 -0600
Processing by InicioController#consumirApiReservamos as HTML
  Rendering layout layouts/application.html.erb
  Rendering inicio/consumirApiReservamos.html.erb within layouts/application
  Rendered inicio/consumirApiReservamos.html.erb within layouts/application (Duration: 1.0ms | GC: 0.0ms)
  Rendered layout layouts/application.html.erb (Duration: 4.0ms | GC: 0.0ms)
Completed 200 OK in 730ms (Views: 8.5ms | ActiveRecord: 0.0ms (0 queries, 0 cached) | GC: 0.0ms)


Started GET "/inicio/consumirApiReservamos" for 127.0.0.1 at 2025-03-26 04:26:11 -0600
Processing by InicioController#consumirApiReservamos as HTML
  Rendering layout layouts/application.html.erb
  Rendering inicio/consumirApiReservamos.html.erb within layouts/application
  Rendered inicio/consumirApiReservamos.html.erb within layouts/application (Duration: 0.6ms | GC: 0.0ms)
  Rendered layout layouts/application.html.erb (Duration: 2.9ms | GC: 0.0ms)
Completed 200 OK in 694ms (Views: 5.2ms | ActiveRecord: 0.0ms (0 queries, 0 cached) | GC: 0.0ms)


Started GET "/inicio/consumirApiReservamos" for 127.0.0.1 at 2025-03-26 04:27:29 -0600
Processing by InicioController#consumirApiReservamos as HTML
  Rendering layout layouts/application.html.erb
  Rendering inicio/consumirApiReservamos.html.erb within layouts/application
  Rendered inicio/consumirApiReservamos.html.erb within layouts/application (Duration: 0.7ms | GC: 0.0ms)
  Rendered layout layouts/application.html.erb (Duration: 2.2ms | GC: 0.0ms)
Completed 200 OK in 718ms (Views: 3.0ms | ActiveRecord: 0.0ms (0 queries, 0 cached) | GC: 0.0ms)


Started GET "/inicio/consumirApiReservamos" for 127.0.0.1 at 2025-03-26 04:27:50 -0600
  [1m[36mActiveRecord::SchemaMigration Load (0.1ms)[0m  [1m[34mSELECT "schema_migrations"."version" FROM "schema_migrations" ORDER BY "schema_migrations"."version" ASC /*application='Proyecto'*/[0m
Processing by InicioController#consumirApiReservamos as HTML
  Rendering layout layouts/application.html.erb
  Rendering inicio/consumirApiReservamos.html.erb within layouts/application
  Rendered inicio/consumirApiReservamos.html.erb within layouts/application (Duration: 0.7ms | GC: 0.0ms)
  Rendered layout layouts/application.html.erb (Duration: 21.2ms | GC: 0.0ms)
Completed 200 OK in 1130ms (Views: 28.7ms | ActiveRecord: 0.0ms (0 queries, 0 cached) | GC: 0.0ms)


Started GET "/inicio/consumirApiReservamos" for 127.0.0.1 at 2025-03-26 11:03:37 -0600
Processing by InicioController#consumirApiReservamos as HTML
  Rendering layout layouts/application.html.erb
  Rendering inicio/consumirApiReservamos.html.erb within layouts/application
  Rendered inicio/consumirApiReservamos.html.erb within layouts/application (Duration: 1.3ms | GC: 0.0ms)
  Rendered layout layouts/application.html.erb (Duration: 5.1ms | GC: 0.0ms)
Completed 200 OK in 838ms (Views: 10.4ms | ActiveRecord: 0.0ms (0 queries, 0 cached) | GC: 0.0ms)


Started GET "/inicio/consumirApiReservamos" for 127.0.0.1 at 2025-03-26 11:06:46 -0600
Processing by InicioController#consumirApiReservamos as HTML
  Rendering layout layouts/application.html.erb
  Rendering inicio/consumirApiReservamos.html.erb within layouts/application
  Rendered inicio/consumirApiReservamos.html.erb within layouts/application (Duration: 0.9ms | GC: 0.0ms)
  Rendered layout layouts/application.html.erb (Duration: 3.7ms | GC: 0.0ms)
Completed 200 OK in 761ms (Views: 9.0ms | ActiveRecord: 0.0ms (0 queries, 0 cached) | GC: 0.0ms)


Started GET "/inicio/consumirApiReservamos" for 127.0.0.1 at 2025-03-26 11:07:17 -0600
Processing by InicioController#consumirApiReservamos as HTML
  Rendering layout layouts/application.html.erb
  Rendering inicio/consumirApiReservamos.html.erb within layouts/application
  Rendered inicio/consumirApiReservamos.html.erb within layouts/application (Duration: 0.8ms | GC: 0.0ms)
  Rendered layout layouts/application.html.erb (Duration: 3.1ms | GC: 0.0ms)
Completed 200 OK in 718ms (Views: 6.2ms | ActiveRecord: 0.0ms (0 queries, 0 cached) | GC: 0.0ms)


Started GET "/inicio/consumirApiReservamos" for 127.0.0.1 at 2025-03-26 11:14:54 -0600
Processing by InicioController#consumirApiReservamos as HTML
  Rendering layout layouts/application.html.erb
  Rendering inicio/consumirApiReservamos.html.erb within layouts/application
  Rendered inicio/consumirApiReservamos.html.erb within layouts/application (Duration: 0.9ms | GC: 0.0ms)
  Rendered layout layouts/application.html.erb (Duration: 3.1ms | GC: 0.0ms)
Completed 200 OK in 978ms (Views: 3.9ms | ActiveRecord: 0.0ms (0 queries, 0 cached) | GC: 0.0ms)


Started GET "/inicio/consumirApiReservamos" for 127.0.0.1 at 2025-03-26 11:15:40 -0600
Processing by InicioController#consumirApiReservamos as HTML
  Rendering layout layouts/application.html.erb
  Rendering inicio/consumirApiReservamos.html.erb within layouts/application
  Rendered inicio/consumirApiReservamos.html.erb within layouts/application (Duration: 0.9ms | GC: 0.0ms)
  Rendered layout layouts/application.html.erb (Duration: 3.9ms | GC: 0.0ms)
Completed 200 OK in 953ms (Views: 8.3ms | ActiveRecord: 0.0ms (0 queries, 0 cached) | GC: 0.0ms)


Started GET "/inicio/consumirApiReservamos" for 127.0.0.1 at 2025-03-26 11:15:56 -0600
Processing by InicioController#consumirApiReservamos as HTML
  Rendering layout layouts/application.html.erb
  Rendering inicio/consumirApiReservamos.html.erb within layouts/application
  Rendered inicio/consumirApiReservamos.html.erb within layouts/application (Duration: 0.5ms | GC: 0.0ms)
  Rendered layout layouts/application.html.erb (Duration: 3.0ms | GC: 0.0ms)
Completed 200 OK in 793ms (Views: 5.8ms | ActiveRecord: 0.0ms (0 queries, 0 cached) | GC: 0.0ms)


Started GET "/inicio/consumirApiReservamos" for 127.0.0.1 at 2025-03-26 11:17:07 -0600
Processing by InicioController#consumirApiReservamos as HTML
  Rendering layout layouts/application.html.erb
  Rendering inicio/consumirApiReservamos.html.erb within layouts/application
  Rendered inicio/consumirApiReservamos.html.erb within layouts/application (Duration: 0.6ms | GC: 0.0ms)
  Rendered layout layouts/application.html.erb (Duration: 4.2ms | GC: 0.0ms)
Completed 200 OK in 779ms (Views: 10.2ms | ActiveRecord: 0.0ms (0 queries, 0 cached) | GC: 0.0ms)


